{"/home/artur/projects/statebox/packages/statebox-integration-tests/src/Interfaces.ts": {"path":"/home/artur/projects/statebox/packages/statebox-integration-tests/src/Interfaces.ts","statementMap":{"0":{"start":{"line":42,"column":0},"end":{"line":42,"column":null}},"1":{"start":{"line":43,"column":1},"end":{"line":43,"column":null}},"2":{"start":{"line":44,"column":1},"end":{"line":44,"column":null}},"3":{"start":{"line":45,"column":1},"end":{"line":45,"column":null}},"4":{"start":{"line":46,"column":1},"end":{"line":46,"column":null}},"5":{"start":{"line":47,"column":1},"end":{"line":47,"column":null}},"6":{"start":{"line":48,"column":1},"end":{"line":48,"column":null}},"7":{"start":{"line":49,"column":1},"end":{"line":49,"column":null}},"8":{"start":{"line":50,"column":1},"end":{"line":50,"column":null}}},"fnMap":{"0":{"name":"(anonymous_0)","decl":{"start":{"line":42,"column":0},"end":{"line":42,"column":12}},"loc":{"start":{"line":42,"column":27},"end":{"line":51,"column":1}}}},"branchMap":{"0":{"loc":{"start":{"line":42,"column":12},"end":{"line":42,"column":27}},"type":"binary-expr","locations":[{"start":{"line":42,"column":12},"end":{"line":42,"column":27}},{"start":{"line":42,"column":12},"end":{"line":42,"column":null}}]}},"s":{"0":0,"1":0,"2":0,"3":0,"4":0,"5":0,"6":0,"7":0,"8":0},"f":{"0":0},"b":{"0":[0,0]}}
,"/home/artur/projects/statebox/packages/statebox-integration-tests/src/SocketEnums.ts": {"path":"/home/artur/projects/statebox/packages/statebox-integration-tests/src/SocketEnums.ts","statementMap":{"0":{"start":{"line":1,"column":0},"end":{"line":1,"column":null}},"1":{"start":{"line":2,"column":1},"end":{"line":2,"column":null}},"2":{"start":{"line":3,"column":1},"end":{"line":3,"column":null}},"3":{"start":{"line":4,"column":1},"end":{"line":4,"column":null}},"4":{"start":{"line":5,"column":1},"end":{"line":5,"column":null}},"5":{"start":{"line":6,"column":1},"end":{"line":6,"column":null}},"6":{"start":{"line":9,"column":13},"end":{"line":24,"column":2}}},"fnMap":{"0":{"name":"(anonymous_0)","decl":{"start":{"line":1,"column":0},"end":{"line":1,"column":12}},"loc":{"start":{"line":1,"column":28},"end":{"line":7,"column":1}}}},"branchMap":{"0":{"loc":{"start":{"line":1,"column":12},"end":{"line":1,"column":28}},"type":"binary-expr","locations":[{"start":{"line":1,"column":12},"end":{"line":1,"column":28}},{"start":{"line":1,"column":12},"end":{"line":1,"column":null}}]}},"s":{"0":0,"1":0,"2":0,"3":0,"4":0,"5":0,"6":0},"f":{"0":0},"b":{"0":[0,0]}}
,"/home/artur/projects/statebox/packages/statebox-integration-tests/src/StatusServerClient.ts": {"path":"/home/artur/projects/statebox/packages/statebox-integration-tests/src/StatusServerClient.ts","statementMap":{"0":{"start":{"line":1,"column":0},"end":{"line":1,"column":74}},"1":{"start":{"line":15,"column":12},"end":{"line":15,"column":60}},"2":{"start":{"line":18,"column":12},"end":{"line":18,"column":33}},"3":{"start":{"line":19,"column":12},"end":{"line":19,"column":30}},"4":{"start":{"line":20,"column":12},"end":{"line":20,"column":43}},"5":{"start":{"line":22,"column":12},"end":{"line":30,"column":6}},"6":{"start":{"line":53,"column":11},"end":{"line":74,"column":6}},"7":{"start":{"line":54,"column":8},"end":{"line":73,"column":11}},"8":{"start":{"line":55,"column":12},"end":{"line":72,"column":null}},"9":{"start":{"line":56,"column":16},"end":{"line":56,"column":33}},"10":{"start":{"line":58,"column":39},"end":{"line":58,"column":40}},"11":{"start":{"line":59,"column":38},"end":{"line":59,"column":39}},"12":{"start":{"line":61,"column":16},"end":{"line":71,"column":23}},"13":{"start":{"line":62,"column":20},"end":{"line":65,"column":null}},"14":{"start":{"line":63,"column":24},"end":{"line":63,"column":41}},"15":{"start":{"line":64,"column":24},"end":{"line":64,"column":48}},"16":{"start":{"line":66,"column":20},"end":{"line":66,"column":30}},"17":{"start":{"line":67,"column":20},"end":{"line":70,"column":null}},"18":{"start":{"line":68,"column":24},"end":{"line":68,"column":48}},"19":{"start":{"line":69,"column":24},"end":{"line":69,"column":48}},"20":{"start":{"line":89,"column":11},"end":{"line":91,"column":6}},"21":{"start":{"line":90,"column":8},"end":{"line":90,"column":40}},"22":{"start":{"line":92,"column":11},"end":{"line":94,"column":6}},"23":{"start":{"line":93,"column":8},"end":{"line":93,"column":39}},"24":{"start":{"line":96,"column":11},"end":{"line":98,"column":6}},"25":{"start":{"line":97,"column":8},"end":{"line":97,"column":49}},"26":{"start":{"line":100,"column":11},"end":{"line":102,"column":6}},"27":{"start":{"line":101,"column":8},"end":{"line":101,"column":26}},"28":{"start":{"line":104,"column":12},"end":{"line":109,"column":6}},"29":{"start":{"line":105,"column":8},"end":{"line":105,"column":32}},"30":{"start":{"line":106,"column":8},"end":{"line":108,"column":null}},"31":{"start":{"line":107,"column":12},"end":{"line":107,"column":55}},"32":{"start":{"line":111,"column":4},"end":{"line":113,"column":6}},"33":{"start":{"line":112,"column":8},"end":{"line":112,"column":58}},"34":{"start":{"line":115,"column":11},"end":{"line":125,"column":6}},"35":{"start":{"line":115,"column":61},"end":{"line":125,"column":6}},"36":{"start":{"line":117,"column":8},"end":{"line":124,"column":10}},"37":{"start":{"line":126,"column":12},"end":{"line":126,"column":28}},"38":{"start":{"line":199,"column":4},"end":{"line":241,"column":6}},"39":{"start":{"line":200,"column":8},"end":{"line":200,"column":50}},"40":{"start":{"line":201,"column":8},"end":{"line":205,"column":11}},"41":{"start":{"line":202,"column":12},"end":{"line":202,"column":28}},"42":{"start":{"line":203,"column":12},"end":{"line":203,"column":69}},"43":{"start":{"line":204,"column":12},"end":{"line":204,"column":35}},"44":{"start":{"line":207,"column":8},"end":{"line":215,"column":11}},"45":{"start":{"line":208,"column":28},"end":{"line":208,"column":50}},"46":{"start":{"line":210,"column":12},"end":{"line":214,"column":null}},"47":{"start":{"line":211,"column":16},"end":{"line":211,"column":37}},"48":{"start":{"line":213,"column":16},"end":{"line":213,"column":45}},"49":{"start":{"line":217,"column":8},"end":{"line":220,"column":11}},"50":{"start":{"line":218,"column":12},"end":{"line":218,"column":65}},"51":{"start":{"line":219,"column":12},"end":{"line":219,"column":36}},"52":{"start":{"line":222,"column":8},"end":{"line":240,"column":11}},"53":{"start":{"line":223,"column":24},"end":{"line":224,"column":70}},"54":{"start":{"line":225,"column":12},"end":{"line":225,"column":32}},"55":{"start":{"line":226,"column":12},"end":{"line":226,"column":73}},"56":{"start":{"line":228,"column":12},"end":{"line":228,"column":31}},"57":{"start":{"line":229,"column":12},"end":{"line":229,"column":47}},"58":{"start":{"line":231,"column":12},"end":{"line":239,"column":null}},"59":{"start":{"line":233,"column":16},"end":{"line":236,"column":26}},"60":{"start":{"line":234,"column":20},"end":{"line":234,"column":80}},"61":{"start":{"line":235,"column":20},"end":{"line":235,"column":43}},"62":{"start":{"line":238,"column":16},"end":{"line":238,"column":77}},"63":{"start":{"line":44,"column":8},"end":{"line":44,"column":23}},"64":{"start":{"line":45,"column":8},"end":{"line":47,"column":null}},"65":{"start":{"line":46,"column":12},"end":{"line":46,"column":49}},"66":{"start":{"line":48,"column":8},"end":{"line":50,"column":null}},"67":{"start":{"line":49,"column":12},"end":{"line":49,"column":80}},"68":{"start":{"line":77,"column":8},"end":{"line":77,"column":52}},"69":{"start":{"line":78,"column":8},"end":{"line":78,"column":44}},"70":{"start":{"line":85,"column":8},"end":{"line":85,"column":58}},"71":{"start":{"line":86,"column":8},"end":{"line":86,"column":50}},"72":{"start":{"line":131,"column":8},"end":{"line":178,"column":null}},"73":{"start":{"line":133,"column":16},"end":{"line":135,"column":18}},"74":{"start":{"line":134,"column":28},"end":{"line":134,"column":55}},"75":{"start":{"line":136,"column":16},"end":{"line":136,"column":47}},"76":{"start":{"line":137,"column":16},"end":{"line":139,"column":18}},"77":{"start":{"line":138,"column":28},"end":{"line":138,"column":52}},"78":{"start":{"line":141,"column":16},"end":{"line":144,"column":18}},"79":{"start":{"line":146,"column":16},"end":{"line":146,"column":22}},"80":{"start":{"line":149,"column":16},"end":{"line":151,"column":18}},"81":{"start":{"line":150,"column":28},"end":{"line":150,"column":55}},"82":{"start":{"line":152,"column":16},"end":{"line":152,"column":47}},"83":{"start":{"line":153,"column":16},"end":{"line":153,"column":62}},"84":{"start":{"line":154,"column":16},"end":{"line":154,"column":22}},"85":{"start":{"line":157,"column":16},"end":{"line":159,"column":18}},"86":{"start":{"line":158,"column":28},"end":{"line":158,"column":55}},"87":{"start":{"line":160,"column":16},"end":{"line":160,"column":52}},"88":{"start":{"line":161,"column":16},"end":{"line":161,"column":22}},"89":{"start":{"line":164,"column":16},"end":{"line":166,"column":18}},"90":{"start":{"line":165,"column":28},"end":{"line":165,"column":56}},"91":{"start":{"line":167,"column":16},"end":{"line":169,"column":null}},"92":{"start":{"line":168,"column":20},"end":{"line":168,"column":51}},"93":{"start":{"line":170,"column":16},"end":{"line":170,"column":22}},"94":{"start":{"line":173,"column":16},"end":{"line":175,"column":19}},"95":{"start":{"line":174,"column":20},"end":{"line":174,"column":43}},"96":{"start":{"line":176,"column":16},"end":{"line":176,"column":22}},"97":{"start":{"line":179,"column":8},"end":{"line":189,"column":null}},"98":{"start":{"line":180,"column":12},"end":{"line":188,"column":null}},"99":{"start":{"line":181,"column":16},"end":{"line":187,"column":null}},"100":{"start":{"line":182,"column":20},"end":{"line":186,"column":22}},"101":{"start":{"line":191,"column":8},"end":{"line":193,"column":null}},"102":{"start":{"line":192,"column":12},"end":{"line":192,"column":42}},"103":{"start":{"line":194,"column":8},"end":{"line":196,"column":null}},"104":{"start":{"line":195,"column":12},"end":{"line":195,"column":47}},"105":{"start":{"line":11,"column":0},"end":{"line":11,"column":13}}},"fnMap":{"0":{"name":"(anonymous_0)","decl":{"start":{"line":32,"column":4},"end":{"line":32,"column":null}},"loc":{"start":{"line":42,"column":9},"end":{"line":51,"column":5}}},"1":{"name":"(anonymous_1)","decl":{"start":{"line":53,"column":19},"end":{"line":53,"column":39}},"loc":{"start":{"line":53,"column":41},"end":{"line":74,"column":5}}},"2":{"name":"(anonymous_2)","decl":{"start":{"line":54,"column":35},"end":{"line":54,"column":36}},"loc":{"start":{"line":54,"column":55},"end":{"line":73,"column":9}}},"3":{"name":"(anonymous_3)","decl":{"start":{"line":61,"column":39},"end":{"line":61,"column":42}},"loc":{"start":{"line":61,"column":44},"end":{"line":71,"column":17}}},"4":{"name":"(anonymous_4)","decl":{"start":{"line":89,"column":32},"end":{"line":89,"column":33}},"loc":{"start":{"line":89,"column":62},"end":{"line":91,"column":5}}},"5":{"name":"(anonymous_5)","decl":{"start":{"line":92,"column":31},"end":{"line":92,"column":32}},"loc":{"start":{"line":92,"column":60},"end":{"line":94,"column":5}}},"6":{"name":"(anonymous_6)","decl":{"start":{"line":96,"column":31},"end":{"line":96,"column":32}},"loc":{"start":{"line":96,"column":60},"end":{"line":98,"column":5}}},"7":{"name":"(anonymous_7)","decl":{"start":{"line":100,"column":22},"end":{"line":100,"column":33}},"loc":{"start":{"line":100,"column":35},"end":{"line":102,"column":5}}},"8":{"name":"(anonymous_8)","decl":{"start":{"line":104,"column":38},"end":{"line":104,"column":39}},"loc":{"start":{"line":104,"column":70},"end":{"line":109,"column":5}}},"9":{"name":"(anonymous_9)","decl":{"start":{"line":111,"column":22},"end":{"line":111,"column":25}},"loc":{"start":{"line":111,"column":27},"end":{"line":113,"column":5}}},"10":{"name":"(anonymous_10)","decl":{"start":{"line":115,"column":22},"end":{"line":115,"column":29}},"loc":{"start":{"line":115,"column":61},"end":{"line":125,"column":6}}},"11":{"name":"(anonymous_11)","decl":{"start":{"line":115,"column":61},"end":{"line":115,"column":null}},"loc":{"start":{"line":115,"column":61},"end":{"line":125,"column":5}}},"12":{"name":"(anonymous_12)","decl":{"start":{"line":199,"column":22},"end":{"line":199,"column":25}},"loc":{"start":{"line":199,"column":27},"end":{"line":241,"column":5}}},"13":{"name":"(anonymous_13)","decl":{"start":{"line":201,"column":49},"end":{"line":201,"column":52}},"loc":{"start":{"line":201,"column":54},"end":{"line":205,"column":9}}},"14":{"name":"(anonymous_14)","decl":{"start":{"line":207,"column":52},"end":{"line":207,"column":53}},"loc":{"start":{"line":207,"column":62},"end":{"line":215,"column":9}}},"15":{"name":"(anonymous_15)","decl":{"start":{"line":217,"column":50},"end":{"line":217,"column":51}},"loc":{"start":{"line":217,"column":61},"end":{"line":220,"column":9}}},"16":{"name":"(anonymous_16)","decl":{"start":{"line":222,"column":50},"end":{"line":222,"column":51}},"loc":{"start":{"line":222,"column":60},"end":{"line":240,"column":9}}},"17":{"name":"(anonymous_17)","decl":{"start":{"line":233,"column":27},"end":{"line":233,"column":30}},"loc":{"start":{"line":233,"column":32},"end":{"line":236,"column":17}}},"18":{"name":"(anonymous_18)","decl":{"start":{"line":76,"column":4},"end":{"line":76,"column":18}},"loc":{"start":{"line":76,"column":72},"end":{"line":79,"column":5}}},"19":{"name":"(anonymous_19)","decl":{"start":{"line":81,"column":4},"end":{"line":81,"column":21}},"loc":{"start":{"line":83,"column":37},"end":{"line":87,"column":5}}},"20":{"name":"(anonymous_20)","decl":{"start":{"line":127,"column":12},"end":{"line":127,"column":26}},"loc":{"start":{"line":127,"column":39},"end":{"line":197,"column":5}}},"21":{"name":"(anonymous_21)","decl":{"start":{"line":134,"column":20},"end":{"line":134,"column":21}},"loc":{"start":{"line":134,"column":28},"end":{"line":134,"column":55}}},"22":{"name":"(anonymous_22)","decl":{"start":{"line":138,"column":20},"end":{"line":138,"column":21}},"loc":{"start":{"line":138,"column":28},"end":{"line":138,"column":52}}},"23":{"name":"(anonymous_23)","decl":{"start":{"line":150,"column":20},"end":{"line":150,"column":21}},"loc":{"start":{"line":150,"column":28},"end":{"line":150,"column":55}}},"24":{"name":"(anonymous_24)","decl":{"start":{"line":158,"column":20},"end":{"line":158,"column":21}},"loc":{"start":{"line":158,"column":28},"end":{"line":158,"column":55}}},"25":{"name":"(anonymous_25)","decl":{"start":{"line":165,"column":20},"end":{"line":165,"column":21}},"loc":{"start":{"line":165,"column":28},"end":{"line":165,"column":56}}},"26":{"name":"(anonymous_26)","decl":{"start":{"line":173,"column":41},"end":{"line":173,"column":42}},"loc":{"start":{"line":173,"column":58},"end":{"line":175,"column":17}}}},"branchMap":{"0":{"loc":{"start":{"line":55,"column":12},"end":{"line":72,"column":null}},"type":"if","locations":[{"start":{"line":55,"column":12},"end":{"line":72,"column":null}},{"start":{"line":55,"column":12},"end":{"line":72,"column":null}}]},"1":{"loc":{"start":{"line":62,"column":20},"end":{"line":65,"column":null}},"type":"if","locations":[{"start":{"line":62,"column":20},"end":{"line":65,"column":null}},{"start":{"line":62,"column":20},"end":{"line":65,"column":null}}]},"2":{"loc":{"start":{"line":67,"column":20},"end":{"line":70,"column":null}},"type":"if","locations":[{"start":{"line":67,"column":20},"end":{"line":70,"column":null}},{"start":{"line":67,"column":20},"end":{"line":70,"column":null}}]},"3":{"loc":{"start":{"line":106,"column":8},"end":{"line":108,"column":null}},"type":"if","locations":[{"start":{"line":106,"column":8},"end":{"line":108,"column":null}},{"start":{"line":106,"column":8},"end":{"line":108,"column":null}}]},"4":{"loc":{"start":{"line":210,"column":12},"end":{"line":214,"column":null}},"type":"if","locations":[{"start":{"line":210,"column":12},"end":{"line":214,"column":null}},{"start":{"line":210,"column":12},"end":{"line":214,"column":null}}]},"5":{"loc":{"start":{"line":224,"column":51},"end":{"line":224,"column":55}},"type":"cond-expr","locations":[{"start":{"line":224,"column":51},"end":{"line":224,"column":55}},{"start":{"line":224,"column":55},"end":{"line":224,"column":70}}]},"6":{"loc":{"start":{"line":223,"column":24},"end":{"line":224,"column":55}},"type":"binary-expr","locations":[{"start":{"line":223,"column":24},"end":{"line":224,"column":55}},{"start":{"line":224,"column":51},"end":{"line":224,"column":55}}]},"7":{"loc":{"start":{"line":231,"column":12},"end":{"line":239,"column":null}},"type":"if","locations":[{"start":{"line":231,"column":12},"end":{"line":239,"column":null}},{"start":{"line":231,"column":12},"end":{"line":239,"column":null}}]},"8":{"loc":{"start":{"line":45,"column":8},"end":{"line":47,"column":null}},"type":"if","locations":[{"start":{"line":45,"column":8},"end":{"line":47,"column":null}},{"start":{"line":45,"column":8},"end":{"line":47,"column":null}}]},"9":{"loc":{"start":{"line":48,"column":8},"end":{"line":50,"column":null}},"type":"if","locations":[{"start":{"line":48,"column":8},"end":{"line":50,"column":null}},{"start":{"line":48,"column":8},"end":{"line":50,"column":null}}]},"10":{"loc":{"start":{"line":76,"column":70},"end":{"line":76,"column":72}},"type":"default-arg","locations":[{"start":{"line":76,"column":70},"end":{"line":76,"column":72}}]},"11":{"loc":{"start":{"line":83,"column":35},"end":{"line":83,"column":37}},"type":"default-arg","locations":[{"start":{"line":83,"column":35},"end":{"line":83,"column":37}}]},"12":{"loc":{"start":{"line":132,"column":12},"end":{"line":147,"column":null}},"type":"switch","locations":[{"start":{"line":132,"column":12},"end":{"line":147,"column":null}},{"start":{"line":148,"column":12},"end":{"line":155,"column":null}},{"start":{"line":156,"column":12},"end":{"line":162,"column":null}},{"start":{"line":163,"column":12},"end":{"line":171,"column":null}},{"start":{"line":172,"column":12},"end":{"line":177,"column":null}}]},"13":{"loc":{"start":{"line":167,"column":16},"end":{"line":169,"column":null}},"type":"if","locations":[{"start":{"line":167,"column":16},"end":{"line":169,"column":null}},{"start":{"line":167,"column":16},"end":{"line":169,"column":null}}]},"14":{"loc":{"start":{"line":181,"column":16},"end":{"line":187,"column":null}},"type":"if","locations":[{"start":{"line":181,"column":16},"end":{"line":187,"column":null}},{"start":{"line":181,"column":16},"end":{"line":187,"column":null}}]},"15":{"loc":{"start":{"line":191,"column":8},"end":{"line":193,"column":null}},"type":"if","locations":[{"start":{"line":191,"column":8},"end":{"line":193,"column":null}},{"start":{"line":191,"column":8},"end":{"line":193,"column":null}}]},"16":{"loc":{"start":{"line":194,"column":8},"end":{"line":196,"column":null}},"type":"if","locations":[{"start":{"line":194,"column":8},"end":{"line":196,"column":null}},{"start":{"line":194,"column":8},"end":{"line":196,"column":null}}]}},"s":{"0":0,"1":0,"2":0,"3":0,"4":0,"5":0,"6":0,"7":0,"8":0,"9":0,"10":0,"11":0,"12":0,"13":0,"14":0,"15":0,"16":0,"17":0,"18":0,"19":0,"20":0,"21":0,"22":0,"23":0,"24":0,"25":0,"26":0,"27":0,"28":0,"29":0,"30":0,"31":0,"32":0,"33":0,"34":0,"35":0,"36":0,"37":0,"38":0,"39":0,"40":0,"41":0,"42":0,"43":0,"44":0,"45":0,"46":0,"47":0,"48":0,"49":0,"50":0,"51":0,"52":0,"53":0,"54":0,"55":0,"56":0,"57":0,"58":0,"59":0,"60":0,"61":0,"62":0,"63":0,"64":0,"65":0,"66":0,"67":0,"68":0,"69":0,"70":0,"71":0,"72":0,"73":0,"74":0,"75":0,"76":0,"77":0,"78":0,"79":0,"80":0,"81":0,"82":0,"83":0,"84":0,"85":0,"86":0,"87":0,"88":0,"89":0,"90":0,"91":0,"92":0,"93":0,"94":0,"95":0,"96":0,"97":0,"98":0,"99":0,"100":0,"101":0,"102":0,"103":0,"104":0,"105":0},"f":{"0":0,"1":0,"2":0,"3":0,"4":0,"5":0,"6":0,"7":0,"8":0,"9":0,"10":0,"11":0,"12":0,"13":0,"14":0,"15":0,"16":0,"17":0,"18":0,"19":0,"20":0,"21":0,"22":0,"23":0,"24":0,"25":0,"26":0},"b":{"0":[0,0],"1":[0,0],"2":[0,0],"3":[0,0],"4":[0,0],"5":[0,0],"6":[0,0],"7":[0,0],"8":[0,0],"9":[0,0],"10":[0],"11":[0],"12":[0,0,0,0,0],"13":[0,0],"14":[0,0],"15":[0,0],"16":[0,0]}}
,"/home/artur/projects/statebox/packages/statebox-integration-tests/src/index.ts": {"path":"/home/artur/projects/statebox/packages/statebox-integration-tests/src/index.ts","statementMap":{"0":{"start":{"line":1,"column":0},"end":{"line":1,"column":37}},"1":{"start":{"line":9,"column":1},"end":{"line":1,"column":74}},"2":{"start":{"line":2,"column":0},"end":{"line":2,"column":8}},"3":{"start":{"line":11,"column":1},"end":{"line":2,"column":47}},"4":{"start":{"line":3,"column":0},"end":{"line":3,"column":8}},"5":{"start":{"line":10,"column":1},"end":{"line":3,"column":56}}},"fnMap":{"0":{"name":"(anonymous_0)","decl":{"start":{"line":9,"column":1},"end":{"line":9,"column":16}},"loc":{"start":{"line":9,"column":1},"end":{"line":1,"column":74}}},"1":{"name":"(anonymous_1)","decl":{"start":{"line":11,"column":1},"end":{"line":11,"column":17}},"loc":{"start":{"line":11,"column":1},"end":{"line":2,"column":47}}},"2":{"name":"(anonymous_2)","decl":{"start":{"line":10,"column":1},"end":{"line":10,"column":19}},"loc":{"start":{"line":10,"column":1},"end":{"line":3,"column":56}}}},"branchMap":{},"s":{"0":0,"1":0,"2":0,"3":0,"4":0,"5":0},"f":{"0":0,"1":0,"2":0},"b":{}}
}
