{"/home/artur/projects/statebox/packages/statebox-server/src/main.ts": {"path":"/home/artur/projects/statebox/packages/statebox-server/src/main.ts","statementMap":{"0":{"start":{"line":1,"column":0},"end":{"line":1,"column":66}},"1":{"start":{"line":3,"column":15},"end":{"line":3,"column":35}},"2":{"start":{"line":4,"column":0},"end":{"line":4,"column":14}}},"fnMap":{},"branchMap":{},"s":{"0":0,"1":0,"2":0},"f":{},"b":{}}
,"/home/artur/projects/statebox/packages/statebox-server/src/common-interface/IMessage.ts": {"path":"/home/artur/projects/statebox/packages/statebox-server/src/common-interface/IMessage.ts","statementMap":{"0":{"start":{"line":29,"column":0},"end":{"line":29,"column":null}},"1":{"start":{"line":30,"column":4},"end":{"line":30,"column":null}},"2":{"start":{"line":31,"column":4},"end":{"line":31,"column":null}},"3":{"start":{"line":32,"column":4},"end":{"line":32,"column":null}}},"fnMap":{"0":{"name":"(anonymous_0)","decl":{"start":{"line":29,"column":0},"end":{"line":29,"column":12}},"loc":{"start":{"line":29,"column":28},"end":{"line":33,"column":1}}}},"branchMap":{"0":{"loc":{"start":{"line":29,"column":12},"end":{"line":29,"column":28}},"type":"binary-expr","locations":[{"start":{"line":29,"column":12},"end":{"line":29,"column":28}},{"start":{"line":29,"column":12},"end":{"line":29,"column":null}}]}},"s":{"0":6,"1":6,"2":6,"3":6},"f":{"0":6},"b":{"0":[6,6]}}
,"/home/artur/projects/statebox/packages/statebox-server/src/garbage-collector/GarbageCollector.ts": {"path":"/home/artur/projects/statebox/packages/statebox-server/src/garbage-collector/GarbageCollector.ts","statementMap":{"0":{"start":{"line":7,"column":24},"end":{"line":7,"column":42}},"1":{"start":{"line":11,"column":4},"end":{"line":26,"column":6}},"2":{"start":{"line":12,"column":27},"end":{"line":12,"column":56}},"3":{"start":{"line":14,"column":8},"end":{"line":21,"column":11}},"4":{"start":{"line":15,"column":28},"end":{"line":15,"column":81}},"5":{"start":{"line":15,"column":63},"end":{"line":15,"column":74}},"6":{"start":{"line":16,"column":12},"end":{"line":19,"column":null}},"7":{"start":{"line":17,"column":16},"end":{"line":17,"column":38}},"8":{"start":{"line":18,"column":16},"end":{"line":18,"column":29}},"9":{"start":{"line":20,"column":12},"end":{"line":20,"column":24}},"10":{"start":{"line":23,"column":8},"end":{"line":25,"column":null}},"11":{"start":{"line":28,"column":11},"end":{"line":30,"column":6}},"12":{"start":{"line":29,"column":8},"end":{"line":29,"column":37}},"13":{"start":{"line":8,"column":8},"end":{"line":8,"column":57}},"14":{"start":{"line":4,"column":0},"end":{"line":4,"column":13}}},"fnMap":{"0":{"name":"(anonymous_0)","decl":{"start":{"line":7,"column":4},"end":{"line":7,"column":24}},"loc":{"start":{"line":7,"column":42},"end":{"line":9,"column":5}}},"1":{"name":"(anonymous_1)","decl":{"start":{"line":11,"column":14},"end":{"line":11,"column":17}},"loc":{"start":{"line":11,"column":19},"end":{"line":26,"column":5}}},"2":{"name":"(anonymous_2)","decl":{"start":{"line":14,"column":63},"end":{"line":14,"column":64}},"loc":{"start":{"line":14,"column":75},"end":{"line":21,"column":9}}},"3":{"name":"(anonymous_3)","decl":{"start":{"line":15,"column":53},"end":{"line":15,"column":54}},"loc":{"start":{"line":15,"column":63},"end":{"line":15,"column":74}}},"4":{"name":"(anonymous_4)","decl":{"start":{"line":28,"column":19},"end":{"line":28,"column":22}},"loc":{"start":{"line":28,"column":24},"end":{"line":30,"column":5}}}},"branchMap":{"0":{"loc":{"start":{"line":15,"column":63},"end":{"line":15,"column":64}},"type":"binary-expr","locations":[{"start":{"line":15,"column":63},"end":{"line":15,"column":64}},{"start":{"line":15,"column":68},"end":{"line":15,"column":74}}]},"1":{"loc":{"start":{"line":16,"column":12},"end":{"line":19,"column":null}},"type":"if","locations":[{"start":{"line":16,"column":12},"end":{"line":19,"column":null}},{"start":{"line":16,"column":12},"end":{"line":19,"column":null}}]},"2":{"loc":{"start":{"line":16,"column":16},"end":{"line":16,"column":54}},"type":"binary-expr","locations":[{"start":{"line":16,"column":16},"end":{"line":16,"column":54}},{"start":{"line":16,"column":58},"end":{"line":16,"column":65}}]},"3":{"loc":{"start":{"line":23,"column":8},"end":{"line":25,"column":null}},"type":"if","locations":[{"start":{"line":23,"column":8},"end":{"line":25,"column":null}},{"start":{"line":23,"column":8},"end":{"line":25,"column":null}}]}},"s":{"0":0,"1":0,"2":0,"3":0,"4":0,"5":0,"6":0,"7":0,"8":0,"9":0,"10":0,"11":0,"12":0,"13":0,"14":0},"f":{"0":0,"1":0,"2":0,"3":0,"4":0},"b":{"0":[0,0],"1":[0,0],"2":[0,0],"3":[0,0]}}
,"/home/artur/projects/statebox/packages/statebox-server/src/lib/CompareTools.ts": {"path":"/home/artur/projects/statebox/packages/statebox-server/src/lib/CompareTools.ts","statementMap":{"0":{"start":{"line":1,"column":29},"end":{"line":10,"column":1}},"1":{"start":{"line":2,"column":4},"end":{"line":8,"column":null}},"2":{"start":{"line":7,"column":8},"end":{"line":7,"column":20}},"3":{"start":{"line":9,"column":4},"end":{"line":9,"column":17}},"4":{"start":{"line":1,"column":13},"end":{"line":1,"column":29}},"5":{"start":{"line":15,"column":38},"end":{"line":17,"column":1}},"6":{"start":{"line":16,"column":4},"end":{"line":16,"column":62}},"7":{"start":{"line":15,"column":13},"end":{"line":15,"column":38}}},"fnMap":{"0":{"name":"(anonymous_0)","decl":{"start":{"line":1,"column":29},"end":{"line":1,"column":30}},"loc":{"start":{"line":1,"column":86},"end":{"line":10,"column":1}}},"1":{"name":"(anonymous_1)","decl":{"start":{"line":15,"column":38},"end":{"line":15,"column":39}},"loc":{"start":{"line":15,"column":67},"end":{"line":17,"column":1}}}},"branchMap":{"0":{"loc":{"start":{"line":2,"column":4},"end":{"line":8,"column":null}},"type":"if","locations":[{"start":{"line":2,"column":4},"end":{"line":8,"column":null}},{"start":{"line":2,"column":4},"end":{"line":8,"column":null}}]},"1":{"loc":{"start":{"line":3,"column":8},"end":{"line":3,"column":25}},"type":"binary-expr","locations":[{"start":{"line":3,"column":8},"end":{"line":3,"column":25}},{"start":{"line":4,"column":8},"end":{"line":4,"column":48}},{"start":{"line":5,"column":8},"end":{"line":5,"column":66}}]}},"s":{"0":7,"1":14,"2":10,"3":4,"4":7,"5":7,"6":16,"7":7},"f":{"0":14,"1":16},"b":{"0":[10,4],"1":[14,12,10]}}
,"/home/artur/projects/statebox/packages/statebox-server/src/lib/throttle.ts": {"path":"/home/artur/projects/statebox/packages/statebox-server/src/lib/throttle.ts","statementMap":{"0":{"start":{"line":1,"column":24},"end":{"line":24,"column":1}},"1":{"start":{"line":4,"column":4},"end":{"line":23,"column":6}},"2":{"start":{"line":6,"column":29},"end":{"line":6,"column":33}},"3":{"start":{"line":7,"column":21},"end":{"line":7,"column":30}},"4":{"start":{"line":8,"column":8},"end":{"line":22,"column":null}},"5":{"start":{"line":10,"column":12},"end":{"line":10,"column":38}},"6":{"start":{"line":11,"column":12},"end":{"line":11,"column":33}},"7":{"start":{"line":13,"column":12},"end":{"line":13,"column":35}},"8":{"start":{"line":15,"column":12},"end":{"line":21,"column":47}},"9":{"start":{"line":16,"column":16},"end":{"line":20,"column":null}},"10":{"start":{"line":18,"column":20},"end":{"line":18,"column":46}},"11":{"start":{"line":19,"column":20},"end":{"line":19,"column":41}},"12":{"start":{"line":1,"column":13},"end":{"line":1,"column":24}}},"fnMap":{"0":{"name":"(anonymous_0)","decl":{"start":{"line":1,"column":24},"end":{"line":1,"column":25}},"loc":{"start":{"line":1,"column":66},"end":{"line":24,"column":1}}},"1":{"name":"(anonymous_1)","decl":{"start":{"line":4,"column":11},"end":{"line":4,"column":null}},"loc":{"start":{"line":4,"column":11},"end":{"line":23,"column":5}}},"2":{"name":"(anonymous_2)","decl":{"start":{"line":15,"column":34},"end":{"line":15,"column":37}},"loc":{"start":{"line":15,"column":39},"end":{"line":21,"column":13}}}},"branchMap":{"0":{"loc":{"start":{"line":8,"column":8},"end":{"line":22,"column":null}},"type":"if","locations":[{"start":{"line":8,"column":8},"end":{"line":22,"column":null}},{"start":{"line":8,"column":8},"end":{"line":22,"column":null}}]},"1":{"loc":{"start":{"line":16,"column":16},"end":{"line":20,"column":null}},"type":"if","locations":[{"start":{"line":16,"column":16},"end":{"line":20,"column":null}},{"start":{"line":16,"column":16},"end":{"line":20,"column":null}}]}},"s":{"0":0,"1":0,"2":0,"3":0,"4":0,"5":0,"6":0,"7":0,"8":0,"9":0,"10":0,"11":0,"12":0},"f":{"0":0,"1":0,"2":0},"b":{"0":[0,0],"1":[0,0]}}
,"/home/artur/projects/statebox/packages/statebox-server/src/listener-actions/ListenerActions.ts": {"path":"/home/artur/projects/statebox/packages/statebox-server/src/listener-actions/ListenerActions.ts","statementMap":{"0":{"start":{"line":4,"column":8},"end":{"line":4,"column":31}},"1":{"start":{"line":8,"column":13},"end":{"line":8,"column":53}}},"fnMap":{"0":{"name":"(anonymous_0)","decl":{"start":{"line":2,"column":11},"end":{"line":2,"column":20}},"loc":{"start":{"line":2,"column":76},"end":{"line":5,"column":5}}}},"branchMap":{},"s":{"0":0,"1":6},"f":{"0":0},"b":{}}
,"/home/artur/projects/statebox/packages/statebox-server/src/messaging/IdRequestProcessor.ts": {"path":"/home/artur/projects/statebox/packages/statebox-server/src/messaging/IdRequestProcessor.ts","statementMap":{"0":{"start":{"line":1,"column":0},"end":{"line":1,"column":83}},"1":{"start":{"line":2,"column":0},"end":{"line":2,"column":32}},"2":{"start":{"line":4,"column":0},"end":{"line":4,"column":47}},"3":{"start":{"line":5,"column":0},"end":{"line":5,"column":39}},"4":{"start":{"line":10,"column":24},"end":{"line":10,"column":45}},"5":{"start":{"line":11,"column":4},"end":{"line":87,"column":6}},"6":{"start":{"line":12,"column":17},"end":{"line":12,"column":25}},"7":{"start":{"line":14,"column":8},"end":{"line":84,"column":null}},"8":{"start":{"line":15,"column":12},"end":{"line":42,"column":null}},"9":{"start":{"line":16,"column":30},"end":{"line":16,"column":82}},"10":{"start":{"line":18,"column":16},"end":{"line":22,"column":null}},"11":{"start":{"line":20,"column":20},"end":{"line":20,"column":53}},"12":{"start":{"line":21,"column":20},"end":{"line":21,"column":35}},"13":{"start":{"line":24,"column":16},"end":{"line":34,"column":null}},"14":{"start":{"line":25,"column":20},"end":{"line":25,"column":36}},"15":{"start":{"line":27,"column":39},"end":{"line":27,"column":77}},"16":{"start":{"line":29,"column":20},"end":{"line":31,"column":null}},"17":{"start":{"line":30,"column":24},"end":{"line":30,"column":81}},"18":{"start":{"line":33,"column":20},"end":{"line":33,"column":53}},"19":{"start":{"line":36,"column":35},"end":{"line":36,"column":73}},"20":{"start":{"line":38,"column":16},"end":{"line":40,"column":null}},"21":{"start":{"line":39,"column":20},"end":{"line":39,"column":77}},"22":{"start":{"line":41,"column":16},"end":{"line":41,"column":49}},"23":{"start":{"line":44,"column":26},"end":{"line":44,"column":70}},"24":{"start":{"line":45,"column":12},"end":{"line":52,"column":null}},"25":{"start":{"line":46,"column":16},"end":{"line":46,"column":65}},"26":{"start":{"line":48,"column":16},"end":{"line":50,"column":null}},"27":{"start":{"line":49,"column":20},"end":{"line":49,"column":74}},"28":{"start":{"line":51,"column":16},"end":{"line":51,"column":46}},"29":{"start":{"line":54,"column":12},"end":{"line":83,"column":null}},"30":{"start":{"line":55,"column":26},"end":{"line":55,"column":68}},"31":{"start":{"line":57,"column":16},"end":{"line":60,"column":null}},"32":{"start":{"line":58,"column":20},"end":{"line":58,"column":43}},"33":{"start":{"line":59,"column":20},"end":{"line":59,"column":31}},"34":{"start":{"line":62,"column":16},"end":{"line":73,"column":null}},"35":{"start":{"line":63,"column":20},"end":{"line":63,"column":32}},"36":{"start":{"line":65,"column":35},"end":{"line":70,"column":null}},"37":{"start":{"line":72,"column":20},"end":{"line":72,"column":43}},"38":{"start":{"line":75,"column":31},"end":{"line":80,"column":null}},"39":{"start":{"line":82,"column":16},"end":{"line":82,"column":39}},"40":{"start":{"line":86,"column":8},"end":{"line":86,"column":18}},"41":{"start":{"line":9,"column":0},"end":{"line":9,"column":13}}},"fnMap":{"0":{"name":"(anonymous_0)","decl":{"start":{"line":10,"column":4},"end":{"line":10,"column":24}},"loc":{"start":{"line":10,"column":45},"end":{"line":10,"column":49}}},"1":{"name":"(anonymous_1)","decl":{"start":{"line":11,"column":14},"end":{"line":11,"column":15}},"loc":{"start":{"line":11,"column":53},"end":{"line":87,"column":5}}}},"branchMap":{"0":{"loc":{"start":{"line":14,"column":8},"end":{"line":84,"column":null}},"type":"if","locations":[{"start":{"line":14,"column":8},"end":{"line":84,"column":null}},{"start":{"line":14,"column":8},"end":{"line":84,"column":null}}]},"1":{"loc":{"start":{"line":15,"column":12},"end":{"line":42,"column":null}},"type":"if","locations":[{"start":{"line":15,"column":12},"end":{"line":42,"column":null}},{"start":{"line":15,"column":12},"end":{"line":42,"column":null}}]},"2":{"loc":{"start":{"line":15,"column":16},"end":{"line":15,"column":48}},"type":"binary-expr","locations":[{"start":{"line":15,"column":16},"end":{"line":15,"column":48}},{"start":{"line":15,"column":52},"end":{"line":15,"column":108}}]},"3":{"loc":{"start":{"line":18,"column":16},"end":{"line":22,"column":null}},"type":"if","locations":[{"start":{"line":18,"column":16},"end":{"line":22,"column":null}},{"start":{"line":18,"column":16},"end":{"line":22,"column":null}}]},"4":{"loc":{"start":{"line":18,"column":20},"end":{"line":18,"column":36}},"type":"binary-expr","locations":[{"start":{"line":18,"column":20},"end":{"line":18,"column":36}},{"start":{"line":18,"column":40},"end":{"line":18,"column":94}}]},"5":{"loc":{"start":{"line":24,"column":16},"end":{"line":34,"column":null}},"type":"if","locations":[{"start":{"line":24,"column":16},"end":{"line":34,"column":null}},{"start":{"line":24,"column":16},"end":{"line":34,"column":null}}]},"6":{"loc":{"start":{"line":29,"column":20},"end":{"line":31,"column":null}},"type":"if","locations":[{"start":{"line":29,"column":20},"end":{"line":31,"column":null}},{"start":{"line":29,"column":20},"end":{"line":31,"column":null}}]},"7":{"loc":{"start":{"line":29,"column":36},"end":{"line":29,"column":38}},"type":"cond-expr","locations":[{"start":{"line":29,"column":36},"end":{"line":29,"column":38}},{"start":{"line":29,"column":36},"end":{"line":29,"column":45}}]},"8":{"loc":{"start":{"line":29,"column":20},"end":{"line":29,"column":38}},"type":"binary-expr","locations":[{"start":{"line":29,"column":20},"end":{"line":29,"column":38}},{"start":{"line":29,"column":36},"end":{"line":29,"column":38}}]},"9":{"loc":{"start":{"line":38,"column":16},"end":{"line":40,"column":null}},"type":"if","locations":[{"start":{"line":38,"column":16},"end":{"line":40,"column":null}},{"start":{"line":38,"column":16},"end":{"line":40,"column":null}}]},"10":{"loc":{"start":{"line":38,"column":32},"end":{"line":38,"column":34}},"type":"cond-expr","locations":[{"start":{"line":38,"column":32},"end":{"line":38,"column":34}},{"start":{"line":38,"column":32},"end":{"line":38,"column":41}}]},"11":{"loc":{"start":{"line":38,"column":16},"end":{"line":38,"column":34}},"type":"binary-expr","locations":[{"start":{"line":38,"column":16},"end":{"line":38,"column":34}},{"start":{"line":38,"column":32},"end":{"line":38,"column":34}}]},"12":{"loc":{"start":{"line":45,"column":12},"end":{"line":52,"column":null}},"type":"if","locations":[{"start":{"line":45,"column":12},"end":{"line":52,"column":null}},{"start":{"line":45,"column":12},"end":{"line":52,"column":null}}]},"13":{"loc":{"start":{"line":48,"column":16},"end":{"line":50,"column":null}},"type":"if","locations":[{"start":{"line":48,"column":16},"end":{"line":50,"column":null}},{"start":{"line":48,"column":16},"end":{"line":50,"column":null}}]},"14":{"loc":{"start":{"line":48,"column":32},"end":{"line":48,"column":34}},"type":"cond-expr","locations":[{"start":{"line":48,"column":32},"end":{"line":48,"column":34}},{"start":{"line":48,"column":32},"end":{"line":48,"column":41}}]},"15":{"loc":{"start":{"line":48,"column":16},"end":{"line":48,"column":34}},"type":"binary-expr","locations":[{"start":{"line":48,"column":16},"end":{"line":48,"column":34}},{"start":{"line":48,"column":32},"end":{"line":48,"column":34}}]},"16":{"loc":{"start":{"line":54,"column":12},"end":{"line":83,"column":null}},"type":"if","locations":[{"start":{"line":54,"column":12},"end":{"line":83,"column":null}},{"start":{"line":54,"column":12},"end":{"line":83,"column":null}}]},"17":{"loc":{"start":{"line":54,"column":16},"end":{"line":54,"column":44}},"type":"binary-expr","locations":[{"start":{"line":54,"column":16},"end":{"line":54,"column":44}},{"start":{"line":54,"column":48},"end":{"line":54,"column":104}}]},"18":{"loc":{"start":{"line":57,"column":16},"end":{"line":60,"column":null}},"type":"if","locations":[{"start":{"line":57,"column":16},"end":{"line":60,"column":null}},{"start":{"line":57,"column":16},"end":{"line":60,"column":null}}]},"19":{"loc":{"start":{"line":62,"column":16},"end":{"line":73,"column":null}},"type":"if","locations":[{"start":{"line":62,"column":16},"end":{"line":73,"column":null}},{"start":{"line":62,"column":16},"end":{"line":73,"column":null}}]},"20":{"loc":{"start":{"line":68,"column":24},"end":{"line":68,"column":47}},"type":"binary-expr","locations":[{"start":{"line":68,"column":24},"end":{"line":68,"column":47}},{"start":{"line":68,"column":51},"end":{"line":68,"column":53}}]},"21":{"loc":{"start":{"line":68,"column":41},"end":{"line":68,"column":43}},"type":"cond-expr","locations":[{"start":{"line":68,"column":41},"end":{"line":68,"column":43}},{"start":{"line":68,"column":41},"end":{"line":68,"column":47}}]},"22":{"loc":{"start":{"line":68,"column":24},"end":{"line":68,"column":43}},"type":"binary-expr","locations":[{"start":{"line":68,"column":24},"end":{"line":68,"column":43}},{"start":{"line":68,"column":41},"end":{"line":68,"column":43}}]},"23":{"loc":{"start":{"line":68,"column":36},"end":{"line":68,"column":38}},"type":"cond-expr","locations":[{"start":{"line":68,"column":36},"end":{"line":68,"column":38}},{"start":{"line":68,"column":36},"end":{"line":68,"column":41}}]},"24":{"loc":{"start":{"line":68,"column":24},"end":{"line":68,"column":38}},"type":"binary-expr","locations":[{"start":{"line":68,"column":24},"end":{"line":68,"column":38}},{"start":{"line":68,"column":36},"end":{"line":68,"column":38}}]},"25":{"loc":{"start":{"line":70,"column":41},"end":{"line":70,"column":45}},"type":"cond-expr","locations":[{"start":{"line":70,"column":41},"end":{"line":70,"column":45}},{"start":{"line":70,"column":45},"end":{"line":70,"column":47}}]},"26":{"loc":{"start":{"line":69,"column":41},"end":{"line":70,"column":45}},"type":"binary-expr","locations":[{"start":{"line":69,"column":41},"end":{"line":70,"column":45}},{"start":{"line":70,"column":41},"end":{"line":70,"column":45}}]},"27":{"loc":{"start":{"line":70,"column":36},"end":{"line":70,"column":38}},"type":"cond-expr","locations":[{"start":{"line":70,"column":36},"end":{"line":70,"column":38}},{"start":{"line":70,"column":36},"end":{"line":70,"column":41}}]},"28":{"loc":{"start":{"line":69,"column":41},"end":{"line":70,"column":38}},"type":"binary-expr","locations":[{"start":{"line":69,"column":41},"end":{"line":70,"column":38}},{"start":{"line":70,"column":36},"end":{"line":70,"column":38}}]},"29":{"loc":{"start":{"line":78,"column":20},"end":{"line":78,"column":43}},"type":"binary-expr","locations":[{"start":{"line":78,"column":20},"end":{"line":78,"column":43}},{"start":{"line":78,"column":47},"end":{"line":78,"column":49}}]},"30":{"loc":{"start":{"line":78,"column":37},"end":{"line":78,"column":39}},"type":"cond-expr","locations":[{"start":{"line":78,"column":37},"end":{"line":78,"column":39}},{"start":{"line":78,"column":37},"end":{"line":78,"column":43}}]},"31":{"loc":{"start":{"line":78,"column":20},"end":{"line":78,"column":39}},"type":"binary-expr","locations":[{"start":{"line":78,"column":20},"end":{"line":78,"column":39}},{"start":{"line":78,"column":37},"end":{"line":78,"column":39}}]},"32":{"loc":{"start":{"line":78,"column":32},"end":{"line":78,"column":34}},"type":"cond-expr","locations":[{"start":{"line":78,"column":32},"end":{"line":78,"column":34}},{"start":{"line":78,"column":32},"end":{"line":78,"column":37}}]},"33":{"loc":{"start":{"line":78,"column":20},"end":{"line":78,"column":34}},"type":"binary-expr","locations":[{"start":{"line":78,"column":20},"end":{"line":78,"column":34}},{"start":{"line":78,"column":32},"end":{"line":78,"column":34}}]},"34":{"loc":{"start":{"line":80,"column":37},"end":{"line":80,"column":41}},"type":"cond-expr","locations":[{"start":{"line":80,"column":37},"end":{"line":80,"column":41}},{"start":{"line":80,"column":41},"end":{"line":80,"column":43}}]},"35":{"loc":{"start":{"line":79,"column":37},"end":{"line":80,"column":41}},"type":"binary-expr","locations":[{"start":{"line":79,"column":37},"end":{"line":80,"column":41}},{"start":{"line":80,"column":37},"end":{"line":80,"column":41}}]},"36":{"loc":{"start":{"line":80,"column":32},"end":{"line":80,"column":34}},"type":"cond-expr","locations":[{"start":{"line":80,"column":32},"end":{"line":80,"column":34}},{"start":{"line":80,"column":32},"end":{"line":80,"column":37}}]},"37":{"loc":{"start":{"line":79,"column":37},"end":{"line":80,"column":34}},"type":"binary-expr","locations":[{"start":{"line":79,"column":37},"end":{"line":80,"column":34}},{"start":{"line":80,"column":32},"end":{"line":80,"column":34}}]}},"s":{"0":6,"1":6,"2":6,"3":6,"4":30,"5":30,"6":14,"7":14,"8":7,"9":5,"10":5,"11":1,"12":1,"13":5,"14":1,"15":4,"16":4,"17":1,"18":4,"19":2,"20":2,"21":1,"22":2,"23":7,"24":7,"25":1,"26":1,"27":1,"28":1,"29":7,"30":6,"31":6,"32":1,"33":1,"34":6,"35":1,"36":5,"37":5,"38":1,"39":1,"40":14,"41":6},"f":{"0":30,"1":14},"b":{"0":[7,7],"1":[5,2],"2":[7,6],"3":[1,4],"4":[5,2],"5":[1,4],"6":[1,3],"7":[3,1],"8":[4,4],"9":[1,1],"10":[1,1],"11":[2,2],"12":[1,6],"13":[1,0],"14":[0,1],"15":[1,1],"16":[6,1],"17":[7,7],"18":[1,5],"19":[1,5],"20":[5,5],"21":[5,0],"22":[5,5],"23":[4,1],"24":[5,5],"25":[0,5],"26":[5,5],"27":[4,1],"28":[5,5],"29":[1,1],"30":[1,0],"31":[1,1],"32":[1,0],"33":[1,1],"34":[0,1],"35":[1,1],"36":[1,0],"37":[1,1]}}
,"/home/artur/projects/statebox/packages/statebox-server/src/messaging/Informator.ts": {"path":"/home/artur/projects/statebox/packages/statebox-server/src/messaging/Informator.ts","statementMap":{"0":{"start":{"line":4,"column":0},"end":{"line":4,"column":66}},"1":{"start":{"line":9,"column":24},"end":{"line":9,"column":48}},"2":{"start":{"line":10,"column":4},"end":{"line":13,"column":6}},"3":{"start":{"line":11,"column":8},"end":{"line":11,"column":49}},"4":{"start":{"line":12,"column":8},"end":{"line":12,"column":79}},"5":{"start":{"line":14,"column":4},"end":{"line":17,"column":6}},"6":{"start":{"line":15,"column":8},"end":{"line":15,"column":49}},"7":{"start":{"line":16,"column":8},"end":{"line":16,"column":83}},"8":{"start":{"line":18,"column":4},"end":{"line":21,"column":6}},"9":{"start":{"line":19,"column":8},"end":{"line":19,"column":49}},"10":{"start":{"line":20,"column":8},"end":{"line":20,"column":83}},"11":{"start":{"line":23,"column":4},"end":{"line":26,"column":6}},"12":{"start":{"line":24,"column":8},"end":{"line":24,"column":33}},"13":{"start":{"line":25,"column":8},"end":{"line":25,"column":80}},"14":{"start":{"line":27,"column":4},"end":{"line":30,"column":6}},"15":{"start":{"line":28,"column":8},"end":{"line":28,"column":35}},"16":{"start":{"line":29,"column":8},"end":{"line":29,"column":84}},"17":{"start":{"line":31,"column":4},"end":{"line":34,"column":6}},"18":{"start":{"line":32,"column":8},"end":{"line":32,"column":35}},"19":{"start":{"line":33,"column":8},"end":{"line":33,"column":84}},"20":{"start":{"line":8,"column":0},"end":{"line":8,"column":13}}},"fnMap":{"0":{"name":"(anonymous_0)","decl":{"start":{"line":9,"column":4},"end":{"line":9,"column":24}},"loc":{"start":{"line":9,"column":48},"end":{"line":9,"column":52}}},"1":{"name":"(anonymous_1)","decl":{"start":{"line":10,"column":19},"end":{"line":10,"column":20}},"loc":{"start":{"line":10,"column":40},"end":{"line":13,"column":5}}},"2":{"name":"(anonymous_2)","decl":{"start":{"line":14,"column":21},"end":{"line":14,"column":22}},"loc":{"start":{"line":14,"column":42},"end":{"line":17,"column":5}}},"3":{"name":"(anonymous_3)","decl":{"start":{"line":18,"column":21},"end":{"line":18,"column":22}},"loc":{"start":{"line":18,"column":42},"end":{"line":21,"column":5}}},"4":{"name":"(anonymous_4)","decl":{"start":{"line":23,"column":15},"end":{"line":23,"column":16}},"loc":{"start":{"line":23,"column":46},"end":{"line":26,"column":5}}},"5":{"name":"(anonymous_5)","decl":{"start":{"line":27,"column":17},"end":{"line":27,"column":18}},"loc":{"start":{"line":27,"column":48},"end":{"line":30,"column":5}}},"6":{"name":"(anonymous_6)","decl":{"start":{"line":31,"column":17},"end":{"line":31,"column":18}},"loc":{"start":{"line":31,"column":48},"end":{"line":34,"column":5}}}},"branchMap":{},"s":{"0":6,"1":30,"2":30,"3":26,"4":26,"5":30,"6":3,"7":3,"8":30,"9":2,"10":2,"11":30,"12":22,"13":22,"14":30,"15":2,"16":2,"17":30,"18":3,"19":3,"20":6},"f":{"0":30,"1":26,"2":3,"3":2,"4":22,"5":2,"6":3},"b":{}}
,"/home/artur/projects/statebox/packages/statebox-server/src/messaging/MessageProcessor.ts": {"path":"/home/artur/projects/statebox/packages/statebox-server/src/messaging/MessageProcessor.ts","statementMap":{"0":{"start":{"line":1,"column":0},"end":{"line":1,"column":112}},"1":{"start":{"line":3,"column":0},"end":{"line":3,"column":58}},"2":{"start":{"line":4,"column":0},"end":{"line":4,"column":47}},"3":{"start":{"line":5,"column":0},"end":{"line":5,"column":39}},"4":{"start":{"line":16,"column":24},"end":{"line":16,"column":45}},"5":{"start":{"line":20,"column":11},"end":{"line":32,"column":6}},"6":{"start":{"line":24,"column":8},"end":{"line":28,"column":null}},"7":{"start":{"line":25,"column":12},"end":{"line":25,"column":59}},"8":{"start":{"line":26,"column":15},"end":{"line":28,"column":null}},"9":{"start":{"line":27,"column":12},"end":{"line":27,"column":84}},"10":{"start":{"line":34,"column":12},"end":{"line":47,"column":6}},"11":{"start":{"line":38,"column":19},"end":{"line":38,"column":59}},"12":{"start":{"line":40,"column":8},"end":{"line":46,"column":10}},"13":{"start":{"line":49,"column":12},"end":{"line":79,"column":6}},"14":{"start":{"line":50,"column":20},"end":{"line":50,"column":56}},"15":{"start":{"line":51,"column":31},"end":{"line":51,"column":108}},"16":{"start":{"line":53,"column":22},"end":{"line":53,"column":66}},"17":{"start":{"line":54,"column":8},"end":{"line":56,"column":null}},"18":{"start":{"line":55,"column":12},"end":{"line":55,"column":60}},"19":{"start":{"line":59,"column":8},"end":{"line":78,"column":null}},"20":{"start":{"line":60,"column":31},"end":{"line":60,"column":116}},"21":{"start":{"line":62,"column":24},"end":{"line":62,"column":106}},"22":{"start":{"line":63,"column":12},"end":{"line":63,"column":45}},"23":{"start":{"line":64,"column":12},"end":{"line":64,"column":35}},"24":{"start":{"line":66,"column":12},"end":{"line":68,"column":null}},"25":{"start":{"line":67,"column":16},"end":{"line":67,"column":62}},"26":{"start":{"line":69,"column":12},"end":{"line":69,"column":42}},"27":{"start":{"line":70,"column":22},"end":{"line":70,"column":55}},"28":{"start":{"line":72,"column":12},"end":{"line":77,"column":null}},"29":{"start":{"line":73,"column":16},"end":{"line":73,"column":102}},"30":{"start":{"line":74,"column":16},"end":{"line":74,"column":36}},"31":{"start":{"line":76,"column":16},"end":{"line":76,"column":46}},"32":{"start":{"line":17,"column":8},"end":{"line":17,"column":70}},"33":{"start":{"line":14,"column":0},"end":{"line":14,"column":13}}},"fnMap":{"0":{"name":"(anonymous_0)","decl":{"start":{"line":16,"column":4},"end":{"line":16,"column":24}},"loc":{"start":{"line":16,"column":45},"end":{"line":18,"column":5}}},"1":{"name":"(anonymous_1)","decl":{"start":{"line":20,"column":21},"end":{"line":20,"column":null}},"loc":{"start":{"line":23,"column":8},"end":{"line":32,"column":5}}},"2":{"name":"(anonymous_2)","decl":{"start":{"line":34,"column":38},"end":{"line":34,"column":null}},"loc":{"start":{"line":37,"column":8},"end":{"line":47,"column":5}}},"3":{"name":"(anonymous_3)","decl":{"start":{"line":49,"column":32},"end":{"line":49,"column":33}},"loc":{"start":{"line":49,"column":57},"end":{"line":79,"column":5}}}},"branchMap":{"0":{"loc":{"start":{"line":24,"column":8},"end":{"line":28,"column":null}},"type":"if","locations":[{"start":{"line":24,"column":8},"end":{"line":28,"column":null}},{"start":{"line":24,"column":8},"end":{"line":28,"column":null}}]},"1":{"loc":{"start":{"line":26,"column":15},"end":{"line":28,"column":null}},"type":"if","locations":[{"start":{"line":26,"column":15},"end":{"line":28,"column":null}},{"start":{"line":26,"column":15},"end":{"line":28,"column":null}}]},"2":{"loc":{"start":{"line":50,"column":50},"end":{"line":50,"column":54}},"type":"cond-expr","locations":[{"start":{"line":50,"column":50},"end":{"line":50,"column":54}},{"start":{"line":50,"column":54},"end":{"line":50,"column":56}}]},"3":{"loc":{"start":{"line":50,"column":20},"end":{"line":50,"column":54}},"type":"binary-expr","locations":[{"start":{"line":50,"column":20},"end":{"line":50,"column":54}},{"start":{"line":50,"column":50},"end":{"line":50,"column":54}}]},"4":{"loc":{"start":{"line":50,"column":42},"end":{"line":50,"column":44}},"type":"cond-expr","locations":[{"start":{"line":50,"column":42},"end":{"line":50,"column":44}},{"start":{"line":50,"column":42},"end":{"line":50,"column":50}}]},"5":{"loc":{"start":{"line":50,"column":20},"end":{"line":50,"column":44}},"type":"binary-expr","locations":[{"start":{"line":50,"column":20},"end":{"line":50,"column":44}},{"start":{"line":50,"column":42},"end":{"line":50,"column":44}}]},"6":{"loc":{"start":{"line":51,"column":72},"end":{"line":51,"column":76}},"type":"cond-expr","locations":[{"start":{"line":51,"column":72},"end":{"line":51,"column":76}},{"start":{"line":51,"column":76},"end":{"line":51,"column":108}}]},"7":{"loc":{"start":{"line":51,"column":31},"end":{"line":51,"column":76}},"type":"binary-expr","locations":[{"start":{"line":51,"column":31},"end":{"line":51,"column":76}},{"start":{"line":51,"column":72},"end":{"line":51,"column":76}}]},"8":{"loc":{"start":{"line":51,"column":53},"end":{"line":51,"column":55}},"type":"cond-expr","locations":[{"start":{"line":51,"column":53},"end":{"line":51,"column":55}},{"start":{"line":51,"column":53},"end":{"line":51,"column":72}}]},"9":{"loc":{"start":{"line":51,"column":31},"end":{"line":51,"column":55}},"type":"binary-expr","locations":[{"start":{"line":51,"column":31},"end":{"line":51,"column":55}},{"start":{"line":51,"column":53},"end":{"line":51,"column":55}}]},"10":{"loc":{"start":{"line":54,"column":8},"end":{"line":56,"column":null}},"type":"if","locations":[{"start":{"line":54,"column":8},"end":{"line":56,"column":null}},{"start":{"line":54,"column":8},"end":{"line":56,"column":null}}]},"11":{"loc":{"start":{"line":54,"column":12},"end":{"line":54,"column":20}},"type":"binary-expr","locations":[{"start":{"line":54,"column":12},"end":{"line":54,"column":20}},{"start":{"line":54,"column":24},"end":{"line":54,"column":72}}]},"12":{"loc":{"start":{"line":59,"column":8},"end":{"line":78,"column":null}},"type":"if","locations":[{"start":{"line":59,"column":8},"end":{"line":78,"column":null}},{"start":{"line":59,"column":8},"end":{"line":78,"column":null}}]},"13":{"loc":{"start":{"line":60,"column":109},"end":{"line":60,"column":113}},"type":"cond-expr","locations":[{"start":{"line":60,"column":109},"end":{"line":60,"column":113}},{"start":{"line":60,"column":113},"end":{"line":60,"column":115}}]},"14":{"loc":{"start":{"line":60,"column":88},"end":{"line":60,"column":113}},"type":"binary-expr","locations":[{"start":{"line":60,"column":88},"end":{"line":60,"column":113}},{"start":{"line":60,"column":109},"end":{"line":60,"column":113}}]},"15":{"loc":{"start":{"line":62,"column":90},"end":{"line":62,"column":94}},"type":"cond-expr","locations":[{"start":{"line":62,"column":90},"end":{"line":62,"column":94}},{"start":{"line":62,"column":94},"end":{"line":62,"column":96}}]},"16":{"loc":{"start":{"line":62,"column":74},"end":{"line":62,"column":94}},"type":"binary-expr","locations":[{"start":{"line":62,"column":74},"end":{"line":62,"column":94}},{"start":{"line":62,"column":90},"end":{"line":62,"column":94}}]},"17":{"loc":{"start":{"line":66,"column":12},"end":{"line":68,"column":null}},"type":"if","locations":[{"start":{"line":66,"column":12},"end":{"line":68,"column":null}},{"start":{"line":66,"column":12},"end":{"line":68,"column":null}}]},"18":{"loc":{"start":{"line":72,"column":12},"end":{"line":77,"column":null}},"type":"if","locations":[{"start":{"line":72,"column":12},"end":{"line":77,"column":null}},{"start":{"line":72,"column":12},"end":{"line":77,"column":null}}]},"19":{"loc":{"start":{"line":73,"column":85},"end":{"line":73,"column":89}},"type":"cond-expr","locations":[{"start":{"line":73,"column":85},"end":{"line":73,"column":89}},{"start":{"line":73,"column":89},"end":{"line":73,"column":91}}]},"20":{"loc":{"start":{"line":73,"column":69},"end":{"line":73,"column":89}},"type":"binary-expr","locations":[{"start":{"line":73,"column":69},"end":{"line":73,"column":89}},{"start":{"line":73,"column":85},"end":{"line":73,"column":89}}]}},"s":{"0":6,"1":6,"2":6,"3":6,"4":30,"5":30,"6":18,"7":4,"8":14,"9":14,"10":30,"11":14,"12":14,"13":30,"14":4,"15":4,"16":4,"17":4,"18":2,"19":4,"20":1,"21":1,"22":1,"23":1,"24":3,"25":2,"26":3,"27":3,"28":3,"29":2,"30":2,"31":1,"32":30,"33":6},"f":{"0":30,"1":18,"2":14,"3":4},"b":{"0":[4,14],"1":[14,0],"2":[2,2],"3":[4,4],"4":[1,3],"5":[4,4],"6":[2,2],"7":[4,4],"8":[1,3],"9":[4,4],"10":[2,2],"11":[4,2],"12":[1,3],"13":[1,0],"14":[1,1],"15":[1,0],"16":[1,1],"17":[2,1],"18":[2,1],"19":[2,0],"20":[2,2]}}
,"/home/artur/projects/statebox/packages/statebox-server/src/messaging/Multiplexer.ts": {"path":"/home/artur/projects/statebox/packages/statebox-server/src/messaging/Multiplexer.ts","statementMap":{"0":{"start":{"line":6,"column":0},"end":{"line":6,"column":61}},"1":{"start":{"line":29,"column":24},"end":{"line":29,"column":44}},"2":{"start":{"line":29,"column":54},"end":{"line":29,"column":72}},"3":{"start":{"line":16,"column":12},"end":{"line":16,"column":61}},"4":{"start":{"line":21,"column":12},"end":{"line":21,"column":65}},"5":{"start":{"line":40,"column":11},"end":{"line":70,"column":6}},"6":{"start":{"line":41,"column":8},"end":{"line":41,"column":51}},"7":{"start":{"line":42,"column":8},"end":{"line":49,"column":11}},"8":{"start":{"line":43,"column":12},"end":{"line":48,"column":null}},"9":{"start":{"line":44,"column":16},"end":{"line":44,"column":72}},"10":{"start":{"line":45,"column":16},"end":{"line":47,"column":19}},"11":{"start":{"line":46,"column":20},"end":{"line":46,"column":67}},"12":{"start":{"line":51,"column":39},"end":{"line":51,"column":41}},"13":{"start":{"line":53,"column":8},"end":{"line":60,"column":15}},"14":{"start":{"line":54,"column":28},"end":{"line":54,"column":49}},"15":{"start":{"line":56,"column":32},"end":{"line":56,"column":69}},"16":{"start":{"line":57,"column":16},"end":{"line":59,"column":null}},"17":{"start":{"line":58,"column":20},"end":{"line":58,"column":46}},"18":{"start":{"line":62,"column":8},"end":{"line":67,"column":10}},"19":{"start":{"line":75,"column":11},"end":{"line":84,"column":6}},"20":{"start":{"line":76,"column":8},"end":{"line":76,"column":80}},"21":{"start":{"line":77,"column":8},"end":{"line":83,"column":11}},"22":{"start":{"line":78,"column":12},"end":{"line":82,"column":null}},"23":{"start":{"line":80,"column":16},"end":{"line":80,"column":84}},"24":{"start":{"line":81,"column":16},"end":{"line":81,"column":72}},"25":{"start":{"line":90,"column":11},"end":{"line":100,"column":6}},"26":{"start":{"line":91,"column":8},"end":{"line":91,"column":62}},"27":{"start":{"line":92,"column":8},"end":{"line":98,"column":11}},"28":{"start":{"line":94,"column":12},"end":{"line":97,"column":null}},"29":{"start":{"line":95,"column":16},"end":{"line":95,"column":72}},"30":{"start":{"line":96,"column":16},"end":{"line":96,"column":64}},"31":{"start":{"line":105,"column":11},"end":{"line":108,"column":6}},"32":{"start":{"line":106,"column":8},"end":{"line":106,"column":88}},"33":{"start":{"line":106,"column":65},"end":{"line":106,"column":86}},"34":{"start":{"line":107,"column":8},"end":{"line":107,"column":96}},"35":{"start":{"line":107,"column":73},"end":{"line":107,"column":94}},"36":{"start":{"line":113,"column":11},"end":{"line":118,"column":6}},"37":{"start":{"line":114,"column":8},"end":{"line":116,"column":11}},"38":{"start":{"line":115,"column":12},"end":{"line":115,"column":34}},"39":{"start":{"line":117,"column":8},"end":{"line":117,"column":95}},"40":{"start":{"line":117,"column":73},"end":{"line":117,"column":93}},"41":{"start":{"line":123,"column":11},"end":{"line":125,"column":6}},"42":{"start":{"line":124,"column":8},"end":{"line":124,"column":83}},"43":{"start":{"line":124,"column":65},"end":{"line":124,"column":81}},"44":{"start":{"line":131,"column":11},"end":{"line":160,"column":6}},"45":{"start":{"line":133,"column":8},"end":{"line":133,"column":81}},"46":{"start":{"line":135,"column":8},"end":{"line":159,"column":null}},"47":{"start":{"line":136,"column":12},"end":{"line":136,"column":35}},"48":{"start":{"line":137,"column":25},"end":{"line":141,"column":14}},"49":{"start":{"line":142,"column":12},"end":{"line":147,"column":19}},"50":{"start":{"line":143,"column":32},"end":{"line":143,"column":48}},"51":{"start":{"line":145,"column":20},"end":{"line":145,"column":47}},"52":{"start":{"line":146,"column":20},"end":{"line":146,"column":94}},"53":{"start":{"line":149,"column":25},"end":{"line":152,"column":14}},"54":{"start":{"line":153,"column":12},"end":{"line":158,"column":19}},"55":{"start":{"line":154,"column":32},"end":{"line":154,"column":52}},"56":{"start":{"line":156,"column":20},"end":{"line":156,"column":44}},"57":{"start":{"line":157,"column":20},"end":{"line":157,"column":94}},"58":{"start":{"line":11,"column":0},"end":{"line":11,"column":13}}},"fnMap":{"0":{"name":"(anonymous_0)","decl":{"start":{"line":29,"column":4},"end":{"line":29,"column":24}},"loc":{"start":{"line":29,"column":72},"end":{"line":33,"column":5}}},"1":{"name":"(anonymous_1)","decl":{"start":{"line":40,"column":25},"end":{"line":40,"column":26}},"loc":{"start":{"line":40,"column":58},"end":{"line":70,"column":5}}},"2":{"name":"(anonymous_2)","decl":{"start":{"line":42,"column":39},"end":{"line":42,"column":40}},"loc":{"start":{"line":42,"column":51},"end":{"line":49,"column":9}}},"3":{"name":"(anonymous_3)","decl":{"start":{"line":45,"column":42},"end":{"line":45,"column":43}},"loc":{"start":{"line":45,"column":49},"end":{"line":47,"column":17}}},"4":{"name":"(anonymous_4)","decl":{"start":{"line":54,"column":20},"end":{"line":54,"column":21}},"loc":{"start":{"line":54,"column":28},"end":{"line":54,"column":49}}},"5":{"name":"(anonymous_5)","decl":{"start":{"line":55,"column":21},"end":{"line":55,"column":22}},"loc":{"start":{"line":55,"column":36},"end":{"line":60,"column":13}}},"6":{"name":"(anonymous_6)","decl":{"start":{"line":75,"column":24},"end":{"line":75,"column":25}},"loc":{"start":{"line":75,"column":45},"end":{"line":84,"column":5}}},"7":{"name":"(anonymous_7)","decl":{"start":{"line":77,"column":40},"end":{"line":77,"column":41}},"loc":{"start":{"line":77,"column":53},"end":{"line":83,"column":9}}},"8":{"name":"(anonymous_8)","decl":{"start":{"line":90,"column":20},"end":{"line":90,"column":21}},"loc":{"start":{"line":90,"column":51},"end":{"line":100,"column":5}}},"9":{"name":"(anonymous_9)","decl":{"start":{"line":92,"column":40},"end":{"line":92,"column":41}},"loc":{"start":{"line":92,"column":53},"end":{"line":98,"column":9}}},"10":{"name":"(anonymous_10)","decl":{"start":{"line":105,"column":28},"end":{"line":105,"column":29}},"loc":{"start":{"line":105,"column":56},"end":{"line":108,"column":5}}},"11":{"name":"(anonymous_11)","decl":{"start":{"line":106,"column":57},"end":{"line":106,"column":58}},"loc":{"start":{"line":106,"column":65},"end":{"line":106,"column":86}}},"12":{"name":"(anonymous_12)","decl":{"start":{"line":107,"column":65},"end":{"line":107,"column":66}},"loc":{"start":{"line":107,"column":73},"end":{"line":107,"column":94}}},"13":{"name":"(anonymous_13)","decl":{"start":{"line":113,"column":27},"end":{"line":113,"column":28}},"loc":{"start":{"line":113,"column":48},"end":{"line":118,"column":5}}},"14":{"name":"(anonymous_14)","decl":{"start":{"line":114,"column":34},"end":{"line":114,"column":35}},"loc":{"start":{"line":114,"column":41},"end":{"line":116,"column":9}}},"15":{"name":"(anonymous_15)","decl":{"start":{"line":117,"column":65},"end":{"line":117,"column":66}},"loc":{"start":{"line":117,"column":73},"end":{"line":117,"column":93}}},"16":{"name":"(anonymous_16)","decl":{"start":{"line":123,"column":23},"end":{"line":123,"column":24}},"loc":{"start":{"line":123,"column":36},"end":{"line":125,"column":5}}},"17":{"name":"(anonymous_17)","decl":{"start":{"line":124,"column":57},"end":{"line":124,"column":58}},"loc":{"start":{"line":124,"column":65},"end":{"line":124,"column":81}}},"18":{"name":"(anonymous_18)","decl":{"start":{"line":131,"column":29},"end":{"line":131,"column":30}},"loc":{"start":{"line":131,"column":102},"end":{"line":160,"column":5}}},"19":{"name":"(anonymous_19)","decl":{"start":{"line":143,"column":24},"end":{"line":143,"column":25}},"loc":{"start":{"line":143,"column":32},"end":{"line":143,"column":48}}},"20":{"name":"(anonymous_20)","decl":{"start":{"line":144,"column":25},"end":{"line":144,"column":26}},"loc":{"start":{"line":144,"column":40},"end":{"line":147,"column":17}}},"21":{"name":"(anonymous_21)","decl":{"start":{"line":154,"column":24},"end":{"line":154,"column":25}},"loc":{"start":{"line":154,"column":32},"end":{"line":154,"column":52}}},"22":{"name":"(anonymous_22)","decl":{"start":{"line":155,"column":25},"end":{"line":155,"column":26}},"loc":{"start":{"line":155,"column":40},"end":{"line":158,"column":17}}}},"branchMap":{"0":{"loc":{"start":{"line":43,"column":12},"end":{"line":48,"column":null}},"type":"if","locations":[{"start":{"line":43,"column":12},"end":{"line":48,"column":null}},{"start":{"line":43,"column":12},"end":{"line":48,"column":null}}]},"1":{"loc":{"start":{"line":57,"column":16},"end":{"line":59,"column":null}},"type":"if","locations":[{"start":{"line":57,"column":16},"end":{"line":59,"column":null}},{"start":{"line":57,"column":16},"end":{"line":59,"column":null}}]},"2":{"loc":{"start":{"line":78,"column":12},"end":{"line":82,"column":null}},"type":"if","locations":[{"start":{"line":78,"column":12},"end":{"line":82,"column":null}},{"start":{"line":78,"column":12},"end":{"line":82,"column":null}}]},"3":{"loc":{"start":{"line":94,"column":12},"end":{"line":97,"column":null}},"type":"if","locations":[{"start":{"line":94,"column":12},"end":{"line":97,"column":null}},{"start":{"line":94,"column":12},"end":{"line":97,"column":null}}]},"4":{"loc":{"start":{"line":131,"column":94},"end":{"line":131,"column":98}},"type":"default-arg","locations":[{"start":{"line":131,"column":94},"end":{"line":131,"column":98}}]},"5":{"loc":{"start":{"line":135,"column":8},"end":{"line":159,"column":null}},"type":"if","locations":[{"start":{"line":135,"column":8},"end":{"line":159,"column":null}},{"start":{"line":135,"column":8},"end":{"line":159,"column":null}}]},"6":{"loc":{"start":{"line":146,"column":53},"end":{"line":146,"column":55}},"type":"cond-expr","locations":[{"start":{"line":146,"column":53},"end":{"line":146,"column":55}},{"start":{"line":146,"column":53},"end":{"line":146,"column":94}}]},"7":{"loc":{"start":{"line":146,"column":20},"end":{"line":146,"column":55}},"type":"binary-expr","locations":[{"start":{"line":146,"column":20},"end":{"line":146,"column":55}},{"start":{"line":146,"column":53},"end":{"line":146,"column":55}}]},"8":{"loc":{"start":{"line":157,"column":53},"end":{"line":157,"column":55}},"type":"cond-expr","locations":[{"start":{"line":157,"column":53},"end":{"line":157,"column":55}},{"start":{"line":157,"column":53},"end":{"line":157,"column":94}}]},"9":{"loc":{"start":{"line":157,"column":20},"end":{"line":157,"column":55}},"type":"binary-expr","locations":[{"start":{"line":157,"column":20},"end":{"line":157,"column":55}},{"start":{"line":157,"column":53},"end":{"line":157,"column":55}}]}},"s":{"0":6,"1":30,"2":30,"3":30,"4":30,"5":30,"6":12,"7":12,"8":4,"9":3,"10":3,"11":5,"12":12,"13":12,"14":3,"15":3,"16":3,"17":3,"18":12,"19":30,"20":26,"21":26,"22":2,"23":1,"24":1,"25":30,"26":22,"27":22,"28":2,"29":1,"30":1,"31":30,"32":3,"33":0,"34":3,"35":0,"36":30,"37":2,"38":1,"39":2,"40":0,"41":30,"42":3,"43":0,"44":30,"45":58,"46":58,"47":27,"48":27,"49":27,"50":1,"51":1,"52":1,"53":31,"54":31,"55":1,"56":1,"57":1,"58":6},"f":{"0":30,"1":12,"2":4,"3":5,"4":3,"5":3,"6":26,"7":2,"8":22,"9":2,"10":3,"11":0,"12":0,"13":2,"14":1,"15":0,"16":3,"17":0,"18":58,"19":1,"20":1,"21":1,"22":1},"b":{"0":[3,1],"1":[3,0],"2":[1,1],"3":[1,1],"4":[31],"5":[27,31],"6":[0,1],"7":[1,1],"8":[0,1],"9":[1,1]}}
,"/home/artur/projects/statebox/packages/statebox-server/src/statebox-server/ListenersConnectionHandler.ts": {"path":"/home/artur/projects/statebox/packages/statebox-server/src/statebox-server/ListenersConnectionHandler.ts","statementMap":{"0":{"start":{"line":1,"column":0},"end":{"line":1,"column":32}},"1":{"start":{"line":2,"column":0},"end":{"line":2,"column":32}},"2":{"start":{"line":3,"column":0},"end":{"line":3,"column":70}},"3":{"start":{"line":12,"column":24},"end":{"line":12,"column":36}},"4":{"start":{"line":12,"column":46},"end":{"line":12,"column":66}},"5":{"start":{"line":14,"column":11},"end":{"line":54,"column":6}},"6":{"start":{"line":14,"column":29},"end":{"line":54,"column":6}},"7":{"start":{"line":15,"column":8},"end":{"line":15,"column":68}},"8":{"start":{"line":16,"column":8},"end":{"line":16,"column":64}},"9":{"start":{"line":18,"column":8},"end":{"line":53,"column":11}},"10":{"start":{"line":21,"column":23},"end":{"line":21,"column":31}},"11":{"start":{"line":23,"column":12},"end":{"line":23,"column":23}},"12":{"start":{"line":25,"column":12},"end":{"line":42,"column":15}},"13":{"start":{"line":26,"column":36},"end":{"line":26,"column":66}},"14":{"start":{"line":28,"column":16},"end":{"line":41,"column":null}},"15":{"start":{"line":29,"column":20},"end":{"line":38,"column":null}},"16":{"start":{"line":30,"column":24},"end":{"line":32,"column":null}},"17":{"start":{"line":31,"column":28},"end":{"line":31,"column":105}},"18":{"start":{"line":34,"column":41},"end":{"line":34,"column":64}},"19":{"start":{"line":35,"column":24},"end":{"line":35,"column":50}},"20":{"start":{"line":36,"column":24},"end":{"line":36,"column":41}},"21":{"start":{"line":37,"column":24},"end":{"line":37,"column":53}},"22":{"start":{"line":40,"column":20},"end":{"line":40,"column":36}},"23":{"start":{"line":44,"column":12},"end":{"line":48,"column":15}},"24":{"start":{"line":46,"column":16},"end":{"line":46,"column":48}},"25":{"start":{"line":47,"column":16},"end":{"line":47,"column":63}},"26":{"start":{"line":49,"column":12},"end":{"line":52,"column":15}},"27":{"start":{"line":50,"column":16},"end":{"line":50,"column":49}},"28":{"start":{"line":51,"column":16},"end":{"line":51,"column":63}},"29":{"start":{"line":56,"column":11},"end":{"line":62,"column":6}},"30":{"start":{"line":56,"column":30},"end":{"line":62,"column":6}},"31":{"start":{"line":57,"column":8},"end":{"line":61,"column":11}},"32":{"start":{"line":58,"column":12},"end":{"line":60,"column":15}},"33":{"start":{"line":59,"column":16},"end":{"line":59,"column":30}},"34":{"start":{"line":10,"column":0},"end":{"line":10,"column":13}}},"fnMap":{"0":{"name":"(anonymous_0)","decl":{"start":{"line":12,"column":4},"end":{"line":12,"column":24}},"loc":{"start":{"line":12,"column":66},"end":{"line":12,"column":70}}},"1":{"name":"(anonymous_1)","decl":{"start":{"line":14,"column":18},"end":{"line":14,"column":27}},"loc":{"start":{"line":14,"column":29},"end":{"line":54,"column":6}}},"2":{"name":"(anonymous_2)","decl":{"start":{"line":14,"column":29},"end":{"line":14,"column":null}},"loc":{"start":{"line":14,"column":29},"end":{"line":54,"column":5}}},"3":{"name":"(anonymous_3)","decl":{"start":{"line":18,"column":37},"end":{"line":18,"column":38}},"loc":{"start":{"line":18,"column":44},"end":{"line":53,"column":9}}},"4":{"name":"(anonymous_4)","decl":{"start":{"line":25,"column":29},"end":{"line":25,"column":30}},"loc":{"start":{"line":25,"column":41},"end":{"line":42,"column":13}}},"5":{"name":"(anonymous_5)","decl":{"start":{"line":44,"column":27},"end":{"line":44,"column":30}},"loc":{"start":{"line":44,"column":32},"end":{"line":48,"column":13}}},"6":{"name":"(anonymous_6)","decl":{"start":{"line":49,"column":27},"end":{"line":49,"column":30}},"loc":{"start":{"line":49,"column":32},"end":{"line":52,"column":13}}},"7":{"name":"(anonymous_7)","decl":{"start":{"line":56,"column":19},"end":{"line":56,"column":28}},"loc":{"start":{"line":56,"column":30},"end":{"line":62,"column":6}}},"8":{"name":"(anonymous_8)","decl":{"start":{"line":56,"column":30},"end":{"line":56,"column":null}},"loc":{"start":{"line":56,"column":30},"end":{"line":62,"column":5}}},"9":{"name":"(anonymous_9)","decl":{"start":{"line":57,"column":27},"end":{"line":57,"column":28}},"loc":{"start":{"line":57,"column":39},"end":{"line":61,"column":9}}},"10":{"name":"(anonymous_10)","decl":{"start":{"line":58,"column":30},"end":{"line":58,"column":33}},"loc":{"start":{"line":58,"column":35},"end":{"line":60,"column":13}}}},"branchMap":{"0":{"loc":{"start":{"line":29,"column":20},"end":{"line":38,"column":null}},"type":"if","locations":[{"start":{"line":29,"column":20},"end":{"line":38,"column":null}},{"start":{"line":29,"column":20},"end":{"line":38,"column":null}}]},"1":{"loc":{"start":{"line":30,"column":24},"end":{"line":32,"column":null}},"type":"if","locations":[{"start":{"line":30,"column":24},"end":{"line":32,"column":null}},{"start":{"line":30,"column":24},"end":{"line":32,"column":null}}]}},"s":{"0":6,"1":6,"2":6,"3":30,"4":30,"5":30,"6":0,"7":0,"8":0,"9":0,"10":0,"11":0,"12":0,"13":0,"14":0,"15":0,"16":0,"17":0,"18":0,"19":0,"20":0,"21":0,"22":0,"23":0,"24":0,"25":0,"26":0,"27":0,"28":0,"29":30,"30":0,"31":0,"32":0,"33":0,"34":6},"f":{"0":30,"1":0,"2":0,"3":0,"4":0,"5":0,"6":0,"7":0,"8":0,"9":0,"10":0},"b":{"0":[0,0],"1":[0,0]}}
,"/home/artur/projects/statebox/packages/statebox-server/src/statebox-server/MonitorsConnectionHandler.ts": {"path":"/home/artur/projects/statebox/packages/statebox-server/src/statebox-server/MonitorsConnectionHandler.ts","statementMap":{"0":{"start":{"line":1,"column":0},"end":{"line":1,"column":32}},"1":{"start":{"line":6,"column":24},"end":{"line":6,"column":36}},"2":{"start":{"line":6,"column":46},"end":{"line":6,"column":65}},"3":{"start":{"line":8,"column":11},"end":{"line":24,"column":6}},"4":{"start":{"line":8,"column":29},"end":{"line":24,"column":6}},"5":{"start":{"line":9,"column":8},"end":{"line":9,"column":64}},"6":{"start":{"line":10,"column":8},"end":{"line":23,"column":11}},"7":{"start":{"line":11,"column":12},"end":{"line":22,"column":15}},"8":{"start":{"line":12,"column":16},"end":{"line":21,"column":null}},"9":{"start":{"line":14,"column":20},"end":{"line":14,"column":86}},"10":{"start":{"line":16,"column":20},"end":{"line":16,"column":66}},"11":{"start":{"line":17,"column":20},"end":{"line":17,"column":35}},"12":{"start":{"line":18,"column":20},"end":{"line":18,"column":54}},"13":{"start":{"line":19,"column":20},"end":{"line":19,"column":41}},"14":{"start":{"line":20,"column":20},"end":{"line":20,"column":54}},"15":{"start":{"line":26,"column":11},"end":{"line":32,"column":6}},"16":{"start":{"line":26,"column":30},"end":{"line":32,"column":6}},"17":{"start":{"line":27,"column":8},"end":{"line":31,"column":11}},"18":{"start":{"line":28,"column":12},"end":{"line":30,"column":15}},"19":{"start":{"line":29,"column":16},"end":{"line":29,"column":30}},"20":{"start":{"line":4,"column":0},"end":{"line":4,"column":13}}},"fnMap":{"0":{"name":"(anonymous_0)","decl":{"start":{"line":6,"column":4},"end":{"line":6,"column":24}},"loc":{"start":{"line":6,"column":62},"end":{"line":6,"column":66}}},"1":{"name":"(anonymous_1)","decl":{"start":{"line":8,"column":18},"end":{"line":8,"column":27}},"loc":{"start":{"line":8,"column":29},"end":{"line":24,"column":6}}},"2":{"name":"(anonymous_2)","decl":{"start":{"line":8,"column":29},"end":{"line":8,"column":null}},"loc":{"start":{"line":8,"column":29},"end":{"line":24,"column":5}}},"3":{"name":"(anonymous_3)","decl":{"start":{"line":10,"column":37},"end":{"line":10,"column":38}},"loc":{"start":{"line":10,"column":44},"end":{"line":23,"column":9}}},"4":{"name":"(anonymous_4)","decl":{"start":{"line":11,"column":29},"end":{"line":11,"column":30}},"loc":{"start":{"line":11,"column":41},"end":{"line":22,"column":13}}},"5":{"name":"(anonymous_5)","decl":{"start":{"line":26,"column":19},"end":{"line":26,"column":28}},"loc":{"start":{"line":26,"column":30},"end":{"line":32,"column":6}}},"6":{"name":"(anonymous_6)","decl":{"start":{"line":26,"column":30},"end":{"line":26,"column":null}},"loc":{"start":{"line":26,"column":30},"end":{"line":32,"column":5}}},"7":{"name":"(anonymous_7)","decl":{"start":{"line":27,"column":27},"end":{"line":27,"column":28}},"loc":{"start":{"line":27,"column":39},"end":{"line":31,"column":9}}},"8":{"name":"(anonymous_8)","decl":{"start":{"line":28,"column":30},"end":{"line":28,"column":33}},"loc":{"start":{"line":28,"column":35},"end":{"line":30,"column":13}}}},"branchMap":{},"s":{"0":6,"1":30,"2":30,"3":30,"4":0,"5":0,"6":0,"7":0,"8":0,"9":0,"10":0,"11":0,"12":0,"13":0,"14":0,"15":30,"16":0,"17":0,"18":0,"19":0,"20":6},"f":{"0":30,"1":0,"2":0,"3":0,"4":0,"5":0,"6":0,"7":0,"8":0},"b":{}}
,"/home/artur/projects/statebox/packages/statebox-server/src/statebox-server/StateboxServer.ts": {"path":"/home/artur/projects/statebox/packages/statebox-server/src/statebox-server/StateboxServer.ts","statementMap":{"0":{"start":{"line":1,"column":0},"end":{"line":1,"column":51}},"1":{"start":{"line":3,"column":0},"end":{"line":3,"column":55}},"2":{"start":{"line":4,"column":0},"end":{"line":4,"column":74}},"3":{"start":{"line":5,"column":0},"end":{"line":5,"column":71}},"4":{"start":{"line":6,"column":0},"end":{"line":6,"column":49}},"5":{"start":{"line":8,"column":0},"end":{"line":8,"column":53}},"6":{"start":{"line":9,"column":0},"end":{"line":9,"column":65}},"7":{"start":{"line":10,"column":0},"end":{"line":10,"column":90}},"8":{"start":{"line":75,"column":11},"end":{"line":78,"column":6}},"9":{"start":{"line":75,"column":29},"end":{"line":78,"column":6}},"10":{"start":{"line":76,"column":8},"end":{"line":76,"column":52}},"11":{"start":{"line":77,"column":8},"end":{"line":77,"column":53}},"12":{"start":{"line":80,"column":11},"end":{"line":84,"column":6}},"13":{"start":{"line":80,"column":30},"end":{"line":84,"column":6}},"14":{"start":{"line":81,"column":8},"end":{"line":81,"column":38}},"15":{"start":{"line":82,"column":8},"end":{"line":82,"column":53}},"16":{"start":{"line":83,"column":8},"end":{"line":83,"column":54}},"17":{"start":{"line":86,"column":12},"end":{"line":128,"column":6}},"18":{"start":{"line":87,"column":8},"end":{"line":127,"column":11}},"19":{"start":{"line":88,"column":12},"end":{"line":126,"column":null}},"20":{"start":{"line":90,"column":20},"end":{"line":90,"column":55}},"21":{"start":{"line":91,"column":20},"end":{"line":91,"column":26}},"22":{"start":{"line":93,"column":20},"end":{"line":93,"column":58}},"23":{"start":{"line":94,"column":20},"end":{"line":94,"column":26}},"24":{"start":{"line":97,"column":20},"end":{"line":97,"column":54}},"25":{"start":{"line":99,"column":20},"end":{"line":99,"column":55}},"26":{"start":{"line":100,"column":20},"end":{"line":100,"column":26}},"27":{"start":{"line":103,"column":20},"end":{"line":103,"column":57}},"28":{"start":{"line":104,"column":20},"end":{"line":104,"column":26}},"29":{"start":{"line":107,"column":20},"end":{"line":107,"column":57}},"30":{"start":{"line":109,"column":20},"end":{"line":109,"column":57}},"31":{"start":{"line":110,"column":20},"end":{"line":110,"column":26}},"32":{"start":{"line":112,"column":20},"end":{"line":112,"column":68}},"33":{"start":{"line":113,"column":20},"end":{"line":113,"column":69}},"34":{"start":{"line":114,"column":20},"end":{"line":114,"column":26}},"35":{"start":{"line":116,"column":20},"end":{"line":116,"column":97}},"36":{"start":{"line":117,"column":20},"end":{"line":117,"column":26}},"37":{"start":{"line":120,"column":20},"end":{"line":120,"column":71}},"38":{"start":{"line":123,"column":20},"end":{"line":123,"column":57}},"39":{"start":{"line":125,"column":20},"end":{"line":125,"column":26}},"40":{"start":{"line":60,"column":8},"end":{"line":60,"column":55}},"41":{"start":{"line":61,"column":8},"end":{"line":61,"column":58}},"42":{"start":{"line":62,"column":8},"end":{"line":62,"column":56}},"43":{"start":{"line":63,"column":8},"end":{"line":63,"column":74}},"44":{"start":{"line":64,"column":8},"end":{"line":64,"column":59}},"45":{"start":{"line":65,"column":8},"end":{"line":65,"column":68}},"46":{"start":{"line":67,"column":8},"end":{"line":67,"column":26}},"47":{"start":{"line":69,"column":8},"end":{"line":69,"column":103}},"48":{"start":{"line":70,"column":8},"end":{"line":70,"column":106}},"49":{"start":{"line":15,"column":0},"end":{"line":15,"column":13}}},"fnMap":{"0":{"name":"(anonymous_0)","decl":{"start":{"line":59,"column":4},"end":{"line":59,"column":16}},"loc":{"start":{"line":59,"column":55},"end":{"line":73,"column":5}}},"1":{"name":"(anonymous_1)","decl":{"start":{"line":75,"column":18},"end":{"line":75,"column":27}},"loc":{"start":{"line":75,"column":29},"end":{"line":78,"column":6}}},"2":{"name":"(anonymous_2)","decl":{"start":{"line":75,"column":29},"end":{"line":75,"column":null}},"loc":{"start":{"line":75,"column":29},"end":{"line":78,"column":5}}},"3":{"name":"(anonymous_3)","decl":{"start":{"line":80,"column":19},"end":{"line":80,"column":28}},"loc":{"start":{"line":80,"column":30},"end":{"line":84,"column":6}}},"4":{"name":"(anonymous_4)","decl":{"start":{"line":80,"column":30},"end":{"line":80,"column":null}},"loc":{"start":{"line":80,"column":30},"end":{"line":84,"column":5}}},"5":{"name":"(anonymous_5)","decl":{"start":{"line":86,"column":25},"end":{"line":86,"column":28}},"loc":{"start":{"line":86,"column":30},"end":{"line":128,"column":5}}},"6":{"name":"(anonymous_6)","decl":{"start":{"line":87,"column":35},"end":{"line":87,"column":36}},"loc":{"start":{"line":87,"column":60},"end":{"line":127,"column":9}}}},"branchMap":{"0":{"loc":{"start":{"line":59,"column":31},"end":{"line":59,"column":35}},"type":"default-arg","locations":[{"start":{"line":59,"column":31},"end":{"line":59,"column":35}}]},"1":{"loc":{"start":{"line":59,"column":51},"end":{"line":59,"column":55}},"type":"default-arg","locations":[{"start":{"line":59,"column":51},"end":{"line":59,"column":55}}]},"2":{"loc":{"start":{"line":89,"column":16},"end":{"line":91,"column":26}},"type":"switch","locations":[{"start":{"line":89,"column":16},"end":{"line":91,"column":26}},{"start":{"line":92,"column":16},"end":{"line":94,"column":26}},{"start":{"line":95,"column":16},"end":{"line":100,"column":26}},{"start":{"line":101,"column":16},"end":{"line":104,"column":26}},{"start":{"line":105,"column":16},"end":{"line":110,"column":26}},{"start":{"line":111,"column":16},"end":{"line":114,"column":26}},{"start":{"line":115,"column":16},"end":{"line":117,"column":26}},{"start":{"line":118,"column":16},"end":{"line":125,"column":26}}]}},"s":{"0":6,"1":6,"2":6,"3":6,"4":6,"5":6,"6":6,"7":6,"8":30,"9":0,"10":0,"11":0,"12":30,"13":0,"14":0,"15":0,"16":0,"17":30,"18":30,"19":73,"20":12,"21":12,"22":3,"23":3,"24":26,"25":26,"26":26,"27":3,"28":3,"29":2,"30":2,"31":2,"32":22,"33":22,"34":22,"35":2,"36":2,"37":3,"38":3,"39":3,"40":30,"41":30,"42":30,"43":30,"44":30,"45":30,"46":30,"47":30,"48":30,"49":6},"f":{"0":30,"1":0,"2":0,"3":0,"4":0,"5":30,"6":73},"b":{"0":[30],"1":[30],"2":[12,3,26,3,2,22,2,3]}}
,"/home/artur/projects/statebox/packages/statebox-server/src/structure/AbstractTrackableObject.ts": {"path":"/home/artur/projects/statebox/packages/statebox-server/src/structure/AbstractTrackableObject.ts","statementMap":{"0":{"start":{"line":13,"column":14},"end":{"line":15,"column":6}},"1":{"start":{"line":14,"column":8},"end":{"line":14,"column":53}},"2":{"start":{"line":10,"column":8},"end":{"line":10,"column":41}},"3":{"start":{"line":3,"column":0},"end":{"line":3,"column":22}}},"fnMap":{"0":{"name":"(anonymous_0)","decl":{"start":{"line":3,"column":0},"end":{"line":3,"column":22}},"loc":{"start":{"line":3,"column":0},"end":{"line":16,"column":1}}},"1":{"name":"(anonymous_1)","decl":{"start":{"line":13,"column":25},"end":{"line":13,"column":26}},"loc":{"start":{"line":13,"column":67},"end":{"line":15,"column":5}}},"2":{"name":"(anonymous_2)","decl":{"start":{"line":9,"column":11},"end":{"line":9,"column":30}},"loc":{"start":{"line":9,"column":65},"end":{"line":11,"column":5}}}},"branchMap":{},"s":{"0":48,"1":30,"2":48,"3":6},"f":{"0":48,"1":30,"2":48},"b":{}}
,"/home/artur/projects/statebox/packages/statebox-server/src/structure/Job.ts": {"path":"/home/artur/projects/statebox/packages/statebox-server/src/structure/Job.ts","statementMap":{"0":{"start":{"line":2,"column":0},"end":{"line":2,"column":68}},"1":{"start":{"line":3,"column":0},"end":{"line":3,"column":57}},"2":{"start":{"line":25,"column":0},"end":{"line":25,"column":null}},"3":{"start":{"line":26,"column":4},"end":{"line":26,"column":null}},"4":{"start":{"line":27,"column":4},"end":{"line":27,"column":null}},"5":{"start":{"line":28,"column":4},"end":{"line":28,"column":null}},"6":{"start":{"line":29,"column":4},"end":{"line":29,"column":null}},"7":{"start":{"line":30,"column":4},"end":{"line":30,"column":null}},"8":{"start":{"line":31,"column":4},"end":{"line":31,"column":null}},"9":{"start":{"line":32,"column":4},"end":{"line":32,"column":null}},"10":{"start":{"line":33,"column":4},"end":{"line":33,"column":null}},"11":{"start":{"line":52,"column":8},"end":{"line":52,"column":16}},"12":{"start":{"line":39,"column":4},"end":{"line":39,"column":15}},"13":{"start":{"line":41,"column":4},"end":{"line":41,"column":21}},"14":{"start":{"line":42,"column":4},"end":{"line":42,"column":74}},"15":{"start":{"line":43,"column":4},"end":{"line":43,"column":26}},"16":{"start":{"line":44,"column":4},"end":{"line":44,"column":29}},"17":{"start":{"line":45,"column":4},"end":{"line":45,"column":17}},"18":{"start":{"line":46,"column":4},"end":{"line":46,"column":21}},"19":{"start":{"line":47,"column":4},"end":{"line":47,"column":18}},"20":{"start":{"line":49,"column":4},"end":{"line":49,"column":22}},"21":{"start":{"line":80,"column":12},"end":{"line":94,"column":6}},"22":{"start":{"line":85,"column":30},"end":{"line":85,"column":113}},"23":{"start":{"line":86,"column":27},"end":{"line":86,"column":79}},"24":{"start":{"line":86,"column":48},"end":{"line":86,"column":78}},"25":{"start":{"line":88,"column":8},"end":{"line":93,"column":null}},"26":{"start":{"line":89,"column":12},"end":{"line":89,"column":107}},"27":{"start":{"line":91,"column":26},"end":{"line":91,"column":81}},"28":{"start":{"line":92,"column":12},"end":{"line":92,"column":69}},"29":{"start":{"line":53,"column":8},"end":{"line":53,"column":35}},"30":{"start":{"line":54,"column":8},"end":{"line":54,"column":21}},"31":{"start":{"line":55,"column":8},"end":{"line":55,"column":29}},"32":{"start":{"line":56,"column":8},"end":{"line":56,"column":25}},"33":{"start":{"line":57,"column":8},"end":{"line":59,"column":null}},"34":{"start":{"line":58,"column":12},"end":{"line":58,"column":52}},"35":{"start":{"line":63,"column":8},"end":{"line":63,"column":67}},"36":{"start":{"line":64,"column":8},"end":{"line":64,"column":58}},"37":{"start":{"line":65,"column":8},"end":{"line":65,"column":82}},"38":{"start":{"line":66,"column":8},"end":{"line":68,"column":null}},"39":{"start":{"line":67,"column":12},"end":{"line":67,"column":93}},"40":{"start":{"line":69,"column":8},"end":{"line":69,"column":49}},"41":{"start":{"line":70,"column":8},"end":{"line":70,"column":46}},"42":{"start":{"line":71,"column":8},"end":{"line":71,"column":49}},"43":{"start":{"line":73,"column":8},"end":{"line":73,"column":46}},"44":{"start":{"line":75,"column":8},"end":{"line":77,"column":null}},"45":{"start":{"line":76,"column":12},"end":{"line":76,"column":97}},"46":{"start":{"line":98,"column":8},"end":{"line":98,"column":59}},"47":{"start":{"line":36,"column":0},"end":{"line":36,"column":13}}},"fnMap":{"0":{"name":"(anonymous_0)","decl":{"start":{"line":25,"column":0},"end":{"line":25,"column":12}},"loc":{"start":{"line":25,"column":27},"end":{"line":34,"column":1}}},"1":{"name":"(anonymous_1)","decl":{"start":{"line":51,"column":4},"end":{"line":51,"column":16}},"loc":{"start":{"line":51,"column":115},"end":{"line":60,"column":5}}},"2":{"name":"(anonymous_2)","decl":{"start":{"line":80,"column":31},"end":{"line":80,"column":null}},"loc":{"start":{"line":84,"column":23},"end":{"line":94,"column":5}}},"3":{"name":"(anonymous_3)","decl":{"start":{"line":86,"column":37},"end":{"line":86,"column":38}},"loc":{"start":{"line":86,"column":48},"end":{"line":86,"column":78}}},"4":{"name":"(anonymous_4)","decl":{"start":{"line":62,"column":4},"end":{"line":62,"column":20}},"loc":{"start":{"line":62,"column":77},"end":{"line":78,"column":5}}},"5":{"name":"(anonymous_5)","decl":{"start":{"line":96,"column":4},"end":{"line":96,"column":11}},"loc":{"start":{"line":96,"column":11},"end":{"line":99,"column":5}}}},"branchMap":{"0":{"loc":{"start":{"line":25,"column":12},"end":{"line":25,"column":27}},"type":"binary-expr","locations":[{"start":{"line":25,"column":12},"end":{"line":25,"column":27}},{"start":{"line":25,"column":12},"end":{"line":25,"column":null}}]},"1":{"loc":{"start":{"line":51,"column":113},"end":{"line":51,"column":115}},"type":"default-arg","locations":[{"start":{"line":51,"column":113},"end":{"line":51,"column":115}}]},"2":{"loc":{"start":{"line":85,"column":60},"end":{"line":85,"column":109}},"type":"cond-expr","locations":[{"start":{"line":85,"column":60},"end":{"line":85,"column":109}},{"start":{"line":85,"column":112},"end":{"line":85,"column":113}}]},"3":{"loc":{"start":{"line":88,"column":8},"end":{"line":93,"column":null}},"type":"if","locations":[{"start":{"line":88,"column":8},"end":{"line":93,"column":null}},{"start":{"line":88,"column":8},"end":{"line":93,"column":null}}]},"4":{"loc":{"start":{"line":88,"column":12},"end":{"line":88,"column":41}},"type":"binary-expr","locations":[{"start":{"line":88,"column":12},"end":{"line":88,"column":41}},{"start":{"line":88,"column":45},"end":{"line":88,"column":100}}]},"5":{"loc":{"start":{"line":89,"column":51},"end":{"line":89,"column":61}},"type":"cond-expr","locations":[{"start":{"line":89,"column":51},"end":{"line":89,"column":61}},{"start":{"line":89,"column":64},"end":{"line":89,"column":106}}]},"6":{"loc":{"start":{"line":57,"column":8},"end":{"line":59,"column":null}},"type":"if","locations":[{"start":{"line":57,"column":8},"end":{"line":59,"column":null}},{"start":{"line":57,"column":8},"end":{"line":59,"column":null}}]},"7":{"loc":{"start":{"line":62,"column":73},"end":{"line":62,"column":77}},"type":"default-arg","locations":[{"start":{"line":62,"column":73},"end":{"line":62,"column":77}}]},"8":{"loc":{"start":{"line":63,"column":46},"end":{"line":63,"column":50}},"type":"cond-expr","locations":[{"start":{"line":63,"column":46},"end":{"line":63,"column":50}},{"start":{"line":63,"column":50},"end":{"line":63,"column":66}}]},"9":{"loc":{"start":{"line":63,"column":24},"end":{"line":63,"column":50}},"type":"binary-expr","locations":[{"start":{"line":63,"column":24},"end":{"line":63,"column":50}},{"start":{"line":63,"column":46},"end":{"line":63,"column":50}}]},"10":{"loc":{"start":{"line":64,"column":40},"end":{"line":64,"column":44}},"type":"cond-expr","locations":[{"start":{"line":64,"column":40},"end":{"line":64,"column":44}},{"start":{"line":64,"column":44},"end":{"line":64,"column":57}}]},"11":{"loc":{"start":{"line":64,"column":21},"end":{"line":64,"column":44}},"type":"binary-expr","locations":[{"start":{"line":64,"column":21},"end":{"line":64,"column":44}},{"start":{"line":64,"column":40},"end":{"line":64,"column":44}}]},"12":{"loc":{"start":{"line":65,"column":56},"end":{"line":65,"column":60}},"type":"cond-expr","locations":[{"start":{"line":65,"column":56},"end":{"line":65,"column":60}},{"start":{"line":65,"column":60},"end":{"line":65,"column":81}}]},"13":{"loc":{"start":{"line":65,"column":29},"end":{"line":65,"column":60}},"type":"binary-expr","locations":[{"start":{"line":65,"column":29},"end":{"line":65,"column":60}},{"start":{"line":65,"column":56},"end":{"line":65,"column":60}}]},"14":{"loc":{"start":{"line":66,"column":8},"end":{"line":68,"column":null}},"type":"if","locations":[{"start":{"line":66,"column":8},"end":{"line":68,"column":null}},{"start":{"line":66,"column":8},"end":{"line":68,"column":null}}]},"15":{"loc":{"start":{"line":66,"column":12},"end":{"line":66,"column":28}},"type":"binary-expr","locations":[{"start":{"line":66,"column":12},"end":{"line":66,"column":28}},{"start":{"line":66,"column":32},"end":{"line":66,"column":59}}]},"16":{"loc":{"start":{"line":69,"column":34},"end":{"line":69,"column":38}},"type":"cond-expr","locations":[{"start":{"line":69,"column":34},"end":{"line":69,"column":38}},{"start":{"line":69,"column":38},"end":{"line":69,"column":48}}]},"17":{"loc":{"start":{"line":69,"column":18},"end":{"line":69,"column":38}},"type":"binary-expr","locations":[{"start":{"line":69,"column":18},"end":{"line":69,"column":38}},{"start":{"line":69,"column":34},"end":{"line":69,"column":38}}]},"18":{"loc":{"start":{"line":70,"column":32},"end":{"line":70,"column":36}},"type":"cond-expr","locations":[{"start":{"line":70,"column":32},"end":{"line":70,"column":36}},{"start":{"line":70,"column":36},"end":{"line":70,"column":45}}]},"19":{"loc":{"start":{"line":70,"column":17},"end":{"line":70,"column":36}},"type":"binary-expr","locations":[{"start":{"line":70,"column":17},"end":{"line":70,"column":36}},{"start":{"line":70,"column":32},"end":{"line":70,"column":36}}]},"20":{"loc":{"start":{"line":71,"column":34},"end":{"line":71,"column":38}},"type":"cond-expr","locations":[{"start":{"line":71,"column":34},"end":{"line":71,"column":38}},{"start":{"line":71,"column":38},"end":{"line":71,"column":48}}]},"21":{"loc":{"start":{"line":71,"column":18},"end":{"line":71,"column":38}},"type":"binary-expr","locations":[{"start":{"line":71,"column":18},"end":{"line":71,"column":38}},{"start":{"line":71,"column":34},"end":{"line":71,"column":38}}]},"22":{"loc":{"start":{"line":73,"column":32},"end":{"line":73,"column":36}},"type":"cond-expr","locations":[{"start":{"line":73,"column":32},"end":{"line":73,"column":36}},{"start":{"line":73,"column":36},"end":{"line":73,"column":45}}]},"23":{"loc":{"start":{"line":73,"column":17},"end":{"line":73,"column":36}},"type":"binary-expr","locations":[{"start":{"line":73,"column":17},"end":{"line":73,"column":36}},{"start":{"line":73,"column":32},"end":{"line":73,"column":36}}]},"24":{"loc":{"start":{"line":75,"column":8},"end":{"line":77,"column":null}},"type":"if","locations":[{"start":{"line":75,"column":8},"end":{"line":77,"column":null}},{"start":{"line":75,"column":8},"end":{"line":77,"column":null}}]}},"s":{"0":6,"1":6,"2":6,"3":6,"4":6,"5":6,"6":6,"7":6,"8":6,"9":6,"10":6,"11":22,"12":22,"13":22,"14":22,"15":22,"16":22,"17":22,"18":22,"19":22,"20":22,"21":22,"22":0,"23":0,"24":0,"25":0,"26":0,"27":0,"28":0,"29":22,"30":22,"31":22,"32":22,"33":22,"34":10,"35":12,"36":12,"37":12,"38":12,"39":0,"40":12,"41":12,"42":12,"43":12,"44":12,"45":2,"46":0,"47":6},"f":{"0":6,"1":22,"2":0,"3":0,"4":12,"5":0},"b":{"0":[6,6],"1":[0],"2":[0,0],"3":[0,0],"4":[0,0],"5":[0,0],"6":[10,12],"7":[2],"8":[2,10],"9":[12,12],"10":[0,12],"11":[12,12],"12":[0,12],"13":[12,12],"14":[0,12],"15":[12,0],"16":[0,12],"17":[12,12],"18":[1,11],"19":[12,12],"20":[0,12],"21":[12,12],"22":[0,12],"23":[12,12],"24":[2,10]}}
,"/home/artur/projects/statebox/packages/statebox-server/src/structure/Listeners.ts": {"path":"/home/artur/projects/statebox/packages/statebox-server/src/structure/Listeners.ts","statementMap":{"0":{"start":{"line":1,"column":0},"end":{"line":1,"column":79}},"1":{"start":{"line":28,"column":24},"end":{"line":28,"column":58}},"2":{"start":{"line":26,"column":4},"end":{"line":26,"column":54}},"3":{"start":{"line":30,"column":11},"end":{"line":35,"column":6}},"4":{"start":{"line":31,"column":8},"end":{"line":31,"column":42}},"5":{"start":{"line":32,"column":8},"end":{"line":32,"column":72}},"6":{"start":{"line":34,"column":8},"end":{"line":34,"column":91}},"7":{"start":{"line":37,"column":11},"end":{"line":39,"column":6}},"8":{"start":{"line":38,"column":8},"end":{"line":38,"column":30}},"9":{"start":{"line":41,"column":11},"end":{"line":43,"column":6}},"10":{"start":{"line":42,"column":8},"end":{"line":42,"column":38}},"11":{"start":{"line":45,"column":11},"end":{"line":51,"column":6}},"12":{"start":{"line":46,"column":25},"end":{"line":46,"column":37}},"13":{"start":{"line":47,"column":8},"end":{"line":49,"column":null}},"14":{"start":{"line":48,"column":12},"end":{"line":48,"column":84}},"15":{"start":{"line":50,"column":8},"end":{"line":50,"column":34}},"16":{"start":{"line":25,"column":0},"end":{"line":25,"column":13}}},"fnMap":{"0":{"name":"(anonymous_0)","decl":{"start":{"line":28,"column":4},"end":{"line":28,"column":24}},"loc":{"start":{"line":28,"column":58},"end":{"line":28,"column":62}}},"1":{"name":"(anonymous_1)","decl":{"start":{"line":30,"column":17},"end":{"line":30,"column":18}},"loc":{"start":{"line":30,"column":41},"end":{"line":35,"column":5}}},"2":{"name":"(anonymous_2)","decl":{"start":{"line":37,"column":20},"end":{"line":37,"column":23}},"loc":{"start":{"line":37,"column":25},"end":{"line":39,"column":5}}},"3":{"name":"(anonymous_3)","decl":{"start":{"line":41,"column":17},"end":{"line":41,"column":18}},"loc":{"start":{"line":41,"column":32},"end":{"line":43,"column":5}}},"4":{"name":"(anonymous_4)","decl":{"start":{"line":45,"column":20},"end":{"line":45,"column":21}},"loc":{"start":{"line":45,"column":35},"end":{"line":51,"column":5}}}},"branchMap":{"0":{"loc":{"start":{"line":47,"column":8},"end":{"line":49,"column":null}},"type":"if","locations":[{"start":{"line":47,"column":8},"end":{"line":49,"column":null}},{"start":{"line":47,"column":8},"end":{"line":49,"column":null}}]}},"s":{"0":6,"1":30,"2":30,"3":30,"4":12,"5":12,"6":12,"7":30,"8":54,"9":30,"10":5,"11":30,"12":3,"13":3,"14":3,"15":3,"16":6},"f":{"0":30,"1":12,"2":54,"3":5,"4":3},"b":{"0":[3,0]}}
,"/home/artur/projects/statebox/packages/statebox-server/src/structure/Monitor.ts": {"path":"/home/artur/projects/statebox/packages/statebox-server/src/structure/Monitor.ts","statementMap":{"0":{"start":{"line":1,"column":0},"end":{"line":1,"column":81}},"1":{"start":{"line":3,"column":0},"end":{"line":3,"column":68}},"2":{"start":{"line":4,"column":0},"end":{"line":4,"column":57}},"3":{"start":{"line":5,"column":0},"end":{"line":5,"column":52}},"4":{"start":{"line":7,"column":0},"end":{"line":7,"column":null}},"5":{"start":{"line":8,"column":4},"end":{"line":8,"column":null}},"6":{"start":{"line":9,"column":4},"end":{"line":9,"column":null}},"7":{"start":{"line":10,"column":4},"end":{"line":10,"column":null}},"8":{"start":{"line":39,"column":8},"end":{"line":39,"column":16}},"9":{"start":{"line":28,"column":4},"end":{"line":28,"column":15}},"10":{"start":{"line":30,"column":12},"end":{"line":30,"column":29}},"11":{"start":{"line":31,"column":4},"end":{"line":31,"column":21}},"12":{"start":{"line":32,"column":4},"end":{"line":32,"column":34}},"13":{"start":{"line":33,"column":4},"end":{"line":33,"column":75}},"14":{"start":{"line":34,"column":4},"end":{"line":34,"column":22}},"15":{"start":{"line":35,"column":4},"end":{"line":35,"column":20}},"16":{"start":{"line":36,"column":4},"end":{"line":36,"column":117}},"17":{"start":{"line":57,"column":11},"end":{"line":63,"column":6}},"18":{"start":{"line":58,"column":8},"end":{"line":58,"column":28}},"19":{"start":{"line":59,"column":8},"end":{"line":59,"column":51}},"20":{"start":{"line":61,"column":8},"end":{"line":61,"column":43}},"21":{"start":{"line":62,"column":8},"end":{"line":62,"column":71}},"22":{"start":{"line":64,"column":11},"end":{"line":70,"column":6}},"23":{"start":{"line":65,"column":22},"end":{"line":65,"column":67}},"24":{"start":{"line":65,"column":50},"end":{"line":65,"column":66}},"25":{"start":{"line":67,"column":8},"end":{"line":67,"column":75}},"26":{"start":{"line":69,"column":8},"end":{"line":69,"column":35}},"27":{"start":{"line":72,"column":11},"end":{"line":74,"column":6}},"28":{"start":{"line":73,"column":8},"end":{"line":73,"column":25}},"29":{"start":{"line":76,"column":11},"end":{"line":83,"column":6}},"30":{"start":{"line":77,"column":23},"end":{"line":77,"column":63}},"31":{"start":{"line":77,"column":49},"end":{"line":77,"column":62}},"32":{"start":{"line":78,"column":8},"end":{"line":82,"column":null}},"33":{"start":{"line":79,"column":12},"end":{"line":79,"column":29}},"34":{"start":{"line":81,"column":12},"end":{"line":81,"column":24}},"35":{"start":{"line":40,"column":8},"end":{"line":40,"column":21}},"36":{"start":{"line":41,"column":8},"end":{"line":41,"column":29}},"37":{"start":{"line":42,"column":8},"end":{"line":42,"column":52}},"38":{"start":{"line":46,"column":8},"end":{"line":46,"column":89}},"39":{"start":{"line":47,"column":8},"end":{"line":47,"column":53}},"40":{"start":{"line":48,"column":8},"end":{"line":48,"column":71}},"41":{"start":{"line":49,"column":8},"end":{"line":49,"column":71}},"42":{"start":{"line":50,"column":8},"end":{"line":50,"column":62}},"43":{"start":{"line":52,"column":8},"end":{"line":54,"column":null}},"44":{"start":{"line":53,"column":12},"end":{"line":53,"column":65}},"45":{"start":{"line":86,"column":22},"end":{"line":88,"column":10}},"46":{"start":{"line":87,"column":12},"end":{"line":87,"column":52}},"47":{"start":{"line":90,"column":8},"end":{"line":92,"column":null}},"48":{"start":{"line":91,"column":12},"end":{"line":91,"column":36}},"49":{"start":{"line":94,"column":8},"end":{"line":94,"column":20}},"50":{"start":{"line":25,"column":0},"end":{"line":25,"column":13}},"51":{"start":{"line":26,"column":18},"end":{"line":26,"column":72}}},"fnMap":{"0":{"name":"(anonymous_0)","decl":{"start":{"line":7,"column":0},"end":{"line":7,"column":12}},"loc":{"start":{"line":7,"column":25},"end":{"line":11,"column":1}}},"1":{"name":"(anonymous_1)","decl":{"start":{"line":38,"column":4},"end":{"line":38,"column":16}},"loc":{"start":{"line":38,"column":90},"end":{"line":43,"column":5}}},"2":{"name":"(anonymous_2)","decl":{"start":{"line":57,"column":20},"end":{"line":57,"column":21}},"loc":{"start":{"line":57,"column":33},"end":{"line":63,"column":5}}},"3":{"name":"(anonymous_3)","decl":{"start":{"line":64,"column":23},"end":{"line":64,"column":24}},"loc":{"start":{"line":64,"column":36},"end":{"line":70,"column":5}}},"4":{"name":"(anonymous_4)","decl":{"start":{"line":65,"column":42},"end":{"line":65,"column":43}},"loc":{"start":{"line":65,"column":50},"end":{"line":65,"column":66}}},"5":{"name":"(anonymous_5)","decl":{"start":{"line":72,"column":21},"end":{"line":72,"column":24}},"loc":{"start":{"line":72,"column":26},"end":{"line":74,"column":5}}},"6":{"name":"(anonymous_6)","decl":{"start":{"line":76,"column":24},"end":{"line":76,"column":25}},"loc":{"start":{"line":76,"column":51},"end":{"line":83,"column":5}}},"7":{"name":"(anonymous_7)","decl":{"start":{"line":77,"column":40},"end":{"line":77,"column":41}},"loc":{"start":{"line":77,"column":49},"end":{"line":77,"column":62}}},"8":{"name":"(anonymous_8)","decl":{"start":{"line":45,"column":4},"end":{"line":45,"column":20}},"loc":{"start":{"line":45,"column":85},"end":{"line":55,"column":5}}},"9":{"name":"(anonymous_9)","decl":{"start":{"line":85,"column":4},"end":{"line":85,"column":19}},"loc":{"start":{"line":85,"column":36},"end":{"line":95,"column":5}}},"10":{"name":"(anonymous_10)","decl":{"start":{"line":86,"column":42},"end":{"line":86,"column":43}},"loc":{"start":{"line":86,"column":49},"end":{"line":88,"column":9}}}},"branchMap":{"0":{"loc":{"start":{"line":7,"column":12},"end":{"line":7,"column":25}},"type":"binary-expr","locations":[{"start":{"line":7,"column":12},"end":{"line":7,"column":25}},{"start":{"line":7,"column":12},"end":{"line":7,"column":null}}]},"1":{"loc":{"start":{"line":38,"column":88},"end":{"line":38,"column":90}},"type":"default-arg","locations":[{"start":{"line":38,"column":88},"end":{"line":38,"column":90}}]},"2":{"loc":{"start":{"line":78,"column":8},"end":{"line":82,"column":null}},"type":"if","locations":[{"start":{"line":78,"column":8},"end":{"line":82,"column":null}},{"start":{"line":78,"column":8},"end":{"line":82,"column":null}}]},"3":{"loc":{"start":{"line":45,"column":81},"end":{"line":45,"column":85}},"type":"default-arg","locations":[{"start":{"line":45,"column":81},"end":{"line":45,"column":85}}]},"4":{"loc":{"start":{"line":46,"column":62},"end":{"line":46,"column":66}},"type":"cond-expr","locations":[{"start":{"line":46,"column":62},"end":{"line":46,"column":66}},{"start":{"line":46,"column":66},"end":{"line":46,"column":88}}]},"5":{"loc":{"start":{"line":46,"column":30},"end":{"line":46,"column":66}},"type":"binary-expr","locations":[{"start":{"line":46,"column":30},"end":{"line":46,"column":66}},{"start":{"line":46,"column":62},"end":{"line":46,"column":66}}]},"6":{"loc":{"start":{"line":47,"column":38},"end":{"line":47,"column":42}},"type":"cond-expr","locations":[{"start":{"line":47,"column":38},"end":{"line":47,"column":42}},{"start":{"line":47,"column":42},"end":{"line":47,"column":52}}]},"7":{"loc":{"start":{"line":47,"column":18},"end":{"line":47,"column":42}},"type":"binary-expr","locations":[{"start":{"line":47,"column":18},"end":{"line":47,"column":42}},{"start":{"line":47,"column":38},"end":{"line":47,"column":42}}]},"8":{"loc":{"start":{"line":48,"column":50},"end":{"line":48,"column":54}},"type":"cond-expr","locations":[{"start":{"line":48,"column":50},"end":{"line":48,"column":54}},{"start":{"line":48,"column":54},"end":{"line":48,"column":70}}]},"9":{"loc":{"start":{"line":48,"column":24},"end":{"line":48,"column":54}},"type":"binary-expr","locations":[{"start":{"line":48,"column":24},"end":{"line":48,"column":54}},{"start":{"line":48,"column":50},"end":{"line":48,"column":54}}]},"10":{"loc":{"start":{"line":49,"column":50},"end":{"line":49,"column":54}},"type":"cond-expr","locations":[{"start":{"line":49,"column":50},"end":{"line":49,"column":54}},{"start":{"line":49,"column":54},"end":{"line":49,"column":70}}]},"11":{"loc":{"start":{"line":49,"column":24},"end":{"line":49,"column":54}},"type":"binary-expr","locations":[{"start":{"line":49,"column":24},"end":{"line":49,"column":54}},{"start":{"line":49,"column":50},"end":{"line":49,"column":54}}]},"12":{"loc":{"start":{"line":50,"column":44},"end":{"line":50,"column":48}},"type":"cond-expr","locations":[{"start":{"line":50,"column":44},"end":{"line":50,"column":48}},{"start":{"line":50,"column":48},"end":{"line":50,"column":61}}]},"13":{"loc":{"start":{"line":50,"column":21},"end":{"line":50,"column":48}},"type":"binary-expr","locations":[{"start":{"line":50,"column":21},"end":{"line":50,"column":48}},{"start":{"line":50,"column":44},"end":{"line":50,"column":48}}]},"14":{"loc":{"start":{"line":52,"column":8},"end":{"line":54,"column":null}},"type":"if","locations":[{"start":{"line":52,"column":8},"end":{"line":54,"column":null}},{"start":{"line":52,"column":8},"end":{"line":54,"column":null}}]},"15":{"loc":{"start":{"line":90,"column":8},"end":{"line":92,"column":null}},"type":"if","locations":[{"start":{"line":90,"column":8},"end":{"line":92,"column":null}},{"start":{"line":90,"column":8},"end":{"line":92,"column":null}}]}},"s":{"0":6,"1":6,"2":6,"3":6,"4":6,"5":6,"6":6,"7":6,"8":26,"9":26,"10":26,"11":26,"12":26,"13":26,"14":26,"15":26,"16":26,"17":26,"18":22,"19":22,"20":22,"21":22,"22":26,"23":3,"24":3,"25":3,"26":3,"27":26,"28":13,"29":26,"30":5,"31":3,"32":5,"33":3,"34":2,"35":26,"36":26,"37":26,"38":32,"39":32,"40":32,"41":32,"42":32,"43":32,"44":3,"45":6,"46":2,"47":6,"48":2,"49":4,"50":6,"51":6},"f":{"0":6,"1":26,"2":22,"3":3,"4":3,"5":13,"6":5,"7":3,"8":32,"9":6,"10":2},"b":{"0":[6,6],"1":[22],"2":[3,2],"3":[3],"4":[2,30],"5":[32,32],"6":[0,32],"7":[32,32],"8":[10,22],"9":[32,32],"10":[0,32],"11":[32,32],"12":[0,32],"13":[32,32],"14":[3,29],"15":[2,4]}}
,"/home/artur/projects/statebox/packages/statebox-server/src/structure/Monitors.ts": {"path":"/home/artur/projects/statebox/packages/statebox-server/src/structure/Monitors.ts","statementMap":{"0":{"start":{"line":2,"column":0},"end":{"line":2,"column":79}},"1":{"start":{"line":3,"column":0},"end":{"line":3,"column":52}},"2":{"start":{"line":8,"column":24},"end":{"line":8,"column":58}},"3":{"start":{"line":6,"column":4},"end":{"line":6,"column":29}},"4":{"start":{"line":10,"column":11},"end":{"line":12,"column":6}},"5":{"start":{"line":11,"column":8},"end":{"line":11,"column":29}},"6":{"start":{"line":14,"column":11},"end":{"line":19,"column":6}},"7":{"start":{"line":15,"column":8},"end":{"line":15,"column":55}},"8":{"start":{"line":16,"column":8},"end":{"line":16,"column":36}},"9":{"start":{"line":18,"column":8},"end":{"line":18,"column":74}},"10":{"start":{"line":20,"column":11},"end":{"line":27,"column":6}},"11":{"start":{"line":21,"column":22},"end":{"line":21,"column":75}},"12":{"start":{"line":21,"column":54},"end":{"line":21,"column":74}},"13":{"start":{"line":22,"column":8},"end":{"line":26,"column":null}},"14":{"start":{"line":23,"column":12},"end":{"line":23,"column":82}},"15":{"start":{"line":25,"column":12},"end":{"line":25,"column":43}},"16":{"start":{"line":29,"column":11},"end":{"line":36,"column":6}},"17":{"start":{"line":30,"column":23},"end":{"line":30,"column":65}},"18":{"start":{"line":30,"column":52},"end":{"line":30,"column":64}},"19":{"start":{"line":31,"column":8},"end":{"line":35,"column":null}},"20":{"start":{"line":32,"column":12},"end":{"line":32,"column":29}},"21":{"start":{"line":34,"column":12},"end":{"line":34,"column":24}},"22":{"start":{"line":39,"column":22},"end":{"line":41,"column":10}},"23":{"start":{"line":40,"column":12},"end":{"line":40,"column":52}},"24":{"start":{"line":43,"column":8},"end":{"line":45,"column":null}},"25":{"start":{"line":44,"column":12},"end":{"line":44,"column":40}},"26":{"start":{"line":47,"column":8},"end":{"line":47,"column":20}},"27":{"start":{"line":5,"column":0},"end":{"line":5,"column":13}}},"fnMap":{"0":{"name":"(anonymous_0)","decl":{"start":{"line":8,"column":4},"end":{"line":8,"column":24}},"loc":{"start":{"line":8,"column":58},"end":{"line":8,"column":62}}},"1":{"name":"(anonymous_1)","decl":{"start":{"line":10,"column":20},"end":{"line":10,"column":23}},"loc":{"start":{"line":10,"column":25},"end":{"line":12,"column":5}}},"2":{"name":"(anonymous_2)","decl":{"start":{"line":14,"column":17},"end":{"line":14,"column":18}},"loc":{"start":{"line":14,"column":38},"end":{"line":19,"column":5}}},"3":{"name":"(anonymous_3)","decl":{"start":{"line":20,"column":20},"end":{"line":20,"column":21}},"loc":{"start":{"line":20,"column":41},"end":{"line":27,"column":5}}},"4":{"name":"(anonymous_4)","decl":{"start":{"line":21,"column":46},"end":{"line":21,"column":47}},"loc":{"start":{"line":21,"column":54},"end":{"line":21,"column":74}}},"5":{"name":"(anonymous_5)","decl":{"start":{"line":29,"column":22},"end":{"line":29,"column":23}},"loc":{"start":{"line":29,"column":53},"end":{"line":36,"column":5}}},"6":{"name":"(anonymous_6)","decl":{"start":{"line":30,"column":44},"end":{"line":30,"column":45}},"loc":{"start":{"line":30,"column":52},"end":{"line":30,"column":64}}},"7":{"name":"(anonymous_7)","decl":{"start":{"line":38,"column":4},"end":{"line":38,"column":16}},"loc":{"start":{"line":38,"column":33},"end":{"line":48,"column":5}}},"8":{"name":"(anonymous_8)","decl":{"start":{"line":39,"column":46},"end":{"line":39,"column":47}},"loc":{"start":{"line":39,"column":53},"end":{"line":41,"column":9}}}},"branchMap":{"0":{"loc":{"start":{"line":22,"column":8},"end":{"line":26,"column":null}},"type":"if","locations":[{"start":{"line":22,"column":8},"end":{"line":26,"column":null}},{"start":{"line":22,"column":8},"end":{"line":26,"column":null}}]},"1":{"loc":{"start":{"line":31,"column":8},"end":{"line":35,"column":null}},"type":"if","locations":[{"start":{"line":31,"column":8},"end":{"line":35,"column":null}},{"start":{"line":31,"column":8},"end":{"line":35,"column":null}}]},"2":{"loc":{"start":{"line":43,"column":8},"end":{"line":45,"column":null}},"type":"if","locations":[{"start":{"line":43,"column":8},"end":{"line":45,"column":null}},{"start":{"line":43,"column":8},"end":{"line":45,"column":null}}]}},"s":{"0":6,"1":6,"2":30,"3":30,"4":30,"5":8,"6":30,"7":26,"8":26,"9":26,"10":30,"11":2,"12":2,"13":2,"14":2,"15":2,"16":30,"17":17,"18":15,"19":17,"20":14,"21":3,"22":9,"23":5,"24":9,"25":5,"26":4,"27":6},"f":{"0":30,"1":8,"2":26,"3":2,"4":2,"5":17,"6":15,"7":9,"8":5},"b":{"0":[2,0],"1":[14,3],"2":[5,4]}}
,"/home/artur/projects/statebox/packages/statebox-server/src/structure/StateboxEventsRouter.ts": {"path":"/home/artur/projects/statebox/packages/statebox-server/src/structure/StateboxEventsRouter.ts","statementMap":{"0":{"start":{"line":1,"column":0},"end":{"line":1,"column":null}},"1":{"start":{"line":2,"column":4},"end":{"line":2,"column":null}},"2":{"start":{"line":3,"column":4},"end":{"line":3,"column":null}},"3":{"start":{"line":4,"column":4},"end":{"line":4,"column":null}},"4":{"start":{"line":5,"column":4},"end":{"line":5,"column":null}},"5":{"start":{"line":6,"column":4},"end":{"line":6,"column":null}},"6":{"start":{"line":7,"column":4},"end":{"line":7,"column":null}},"7":{"start":{"line":9,"column":4},"end":{"line":9,"column":null}},"8":{"start":{"line":10,"column":4},"end":{"line":10,"column":null}},"9":{"start":{"line":16,"column":12},"end":{"line":16,"column":58}},"10":{"start":{"line":18,"column":11},"end":{"line":22,"column":6}},"11":{"start":{"line":19,"column":8},"end":{"line":21,"column":null}},"12":{"start":{"line":20,"column":12},"end":{"line":20,"column":31}},"13":{"start":{"line":24,"column":4},"end":{"line":26,"column":6}},"14":{"start":{"line":25,"column":8},"end":{"line":25,"column":43}},"15":{"start":{"line":15,"column":0},"end":{"line":15,"column":13}}},"fnMap":{"0":{"name":"(anonymous_0)","decl":{"start":{"line":1,"column":0},"end":{"line":1,"column":12}},"loc":{"start":{"line":1,"column":27},"end":{"line":11,"column":1}}},"1":{"name":"(anonymous_1)","decl":{"start":{"line":15,"column":0},"end":{"line":15,"column":13}},"loc":{"start":{"line":15,"column":0},"end":{"line":27,"column":1}}},"2":{"name":"(anonymous_2)","decl":{"start":{"line":18,"column":23},"end":{"line":18,"column":24}},"loc":{"start":{"line":18,"column":65},"end":{"line":22,"column":5}}},"3":{"name":"(anonymous_3)","decl":{"start":{"line":24,"column":15},"end":{"line":24,"column":16}},"loc":{"start":{"line":24,"column":52},"end":{"line":26,"column":5}}}},"branchMap":{"0":{"loc":{"start":{"line":1,"column":12},"end":{"line":1,"column":27}},"type":"binary-expr","locations":[{"start":{"line":1,"column":12},"end":{"line":1,"column":27}},{"start":{"line":1,"column":12},"end":{"line":1,"column":null}}]}},"s":{"0":6,"1":6,"2":6,"3":6,"4":6,"5":6,"6":6,"7":6,"8":6,"9":30,"10":30,"11":73,"12":73,"13":30,"14":30,"15":6},"f":{"0":6,"1":30,"2":73,"3":30},"b":{"0":[6,6]}}
}
