TN:
SF:src/main.ts
FNF:0
FNH:0
DA:1,0
DA:3,0
DA:4,0
LF:3
LH:0
BRF:0
BRH:0
end_of_record
TN:
SF:src/common-interface/IMessage.ts
FN:29,(anonymous_0)
FNF:1
FNH:1
FNDA:6,(anonymous_0)
DA:29,6
DA:30,6
DA:31,6
DA:32,6
LF:4
LH:4
BRDA:29,0,0,6
BRDA:29,0,1,6
BRF:2
BRH:2
end_of_record
TN:
SF:src/garbage-collector/GarbageCollector.ts
FN:7,(anonymous_0)
FN:11,(anonymous_1)
FN:14,(anonymous_2)
FN:15,(anonymous_3)
FN:28,(anonymous_4)
FNF:5
FNH:0
FNDA:0,(anonymous_0)
FNDA:0,(anonymous_1)
FNDA:0,(anonymous_2)
FNDA:0,(anonymous_3)
FNDA:0,(anonymous_4)
DA:4,0
DA:7,0
DA:8,0
DA:11,0
DA:12,0
DA:14,0
DA:15,0
DA:16,0
DA:17,0
DA:18,0
DA:20,0
DA:23,0
DA:28,0
DA:29,0
LF:14
LH:0
BRDA:15,0,0,0
BRDA:15,0,1,0
BRDA:16,1,0,0
BRDA:16,1,1,0
BRDA:16,2,0,0
BRDA:16,2,1,0
BRDA:23,3,0,0
BRDA:23,3,1,0
BRF:8
BRH:0
end_of_record
TN:
SF:src/lib/CompareTools.ts
FN:1,(anonymous_0)
FN:15,(anonymous_1)
FNF:2
FNH:2
FNDA:14,(anonymous_0)
FNDA:16,(anonymous_1)
DA:1,7
DA:2,14
DA:7,10
DA:9,4
DA:15,7
DA:16,16
LF:6
LH:6
BRDA:2,0,0,10
BRDA:2,0,1,4
BRDA:3,1,0,14
BRDA:3,1,1,12
BRDA:3,1,2,10
BRF:5
BRH:5
end_of_record
TN:
SF:src/lib/throttle.ts
FN:1,(anonymous_0)
FN:4,(anonymous_1)
FN:15,(anonymous_2)
FNF:3
FNH:0
FNDA:0,(anonymous_0)
FNDA:0,(anonymous_1)
FNDA:0,(anonymous_2)
DA:1,0
DA:4,0
DA:6,0
DA:7,0
DA:8,0
DA:10,0
DA:11,0
DA:13,0
DA:15,0
DA:16,0
DA:18,0
DA:19,0
LF:12
LH:0
BRDA:8,0,0,0
BRDA:8,0,1,0
BRDA:16,1,0,0
BRDA:16,1,1,0
BRF:4
BRH:0
end_of_record
TN:
SF:src/listener-actions/ListenerActions.ts
FN:2,(anonymous_0)
FNF:1
FNH:0
FNDA:0,(anonymous_0)
DA:4,0
DA:8,6
LF:2
LH:1
BRF:0
BRH:0
end_of_record
TN:
SF:src/messaging/IdRequestProcessor.ts
FN:10,(anonymous_0)
FN:11,(anonymous_1)
FNF:2
FNH:2
FNDA:30,(anonymous_0)
FNDA:14,(anonymous_1)
DA:1,6
DA:2,6
DA:4,6
DA:5,6
DA:9,6
DA:10,30
DA:11,30
DA:12,14
DA:14,14
DA:15,7
DA:16,5
DA:18,5
DA:20,1
DA:21,1
DA:24,5
DA:25,1
DA:27,4
DA:29,4
DA:30,1
DA:33,4
DA:36,2
DA:38,2
DA:39,1
DA:41,2
DA:44,7
DA:45,7
DA:46,1
DA:48,1
DA:49,1
DA:51,1
DA:54,7
DA:55,6
DA:57,6
DA:58,1
DA:59,1
DA:62,6
DA:63,1
DA:65,5
DA:72,5
DA:75,1
DA:82,1
DA:86,14
LF:42
LH:42
BRDA:14,0,0,7
BRDA:14,0,1,7
BRDA:15,1,0,5
BRDA:15,1,1,2
BRDA:15,2,0,7
BRDA:15,2,1,6
BRDA:18,3,0,1
BRDA:18,3,1,4
BRDA:18,4,0,5
BRDA:18,4,1,2
BRDA:24,5,0,1
BRDA:24,5,1,4
BRDA:29,6,0,1
BRDA:29,6,1,3
BRDA:29,7,0,3
BRDA:29,7,1,1
BRDA:29,8,0,4
BRDA:29,8,1,4
BRDA:38,9,0,1
BRDA:38,9,1,1
BRDA:38,10,0,1
BRDA:38,10,1,1
BRDA:38,11,0,2
BRDA:38,11,1,2
BRDA:45,12,0,1
BRDA:45,12,1,6
BRDA:48,13,0,1
BRDA:48,13,1,0
BRDA:48,14,0,0
BRDA:48,14,1,1
BRDA:48,15,0,1
BRDA:48,15,1,1
BRDA:54,16,0,6
BRDA:54,16,1,1
BRDA:54,17,0,7
BRDA:54,17,1,7
BRDA:57,18,0,1
BRDA:57,18,1,5
BRDA:62,19,0,1
BRDA:62,19,1,5
BRDA:68,20,0,5
BRDA:68,20,1,5
BRDA:68,21,0,5
BRDA:68,21,1,0
BRDA:68,22,0,5
BRDA:68,22,1,5
BRDA:68,23,0,4
BRDA:68,23,1,1
BRDA:68,24,0,5
BRDA:68,24,1,5
BRDA:70,25,0,0
BRDA:70,25,1,5
BRDA:69,26,0,5
BRDA:69,26,1,5
BRDA:70,27,0,4
BRDA:70,27,1,1
BRDA:69,28,0,5
BRDA:69,28,1,5
BRDA:78,29,0,1
BRDA:78,29,1,1
BRDA:78,30,0,1
BRDA:78,30,1,0
BRDA:78,31,0,1
BRDA:78,31,1,1
BRDA:78,32,0,1
BRDA:78,32,1,0
BRDA:78,33,0,1
BRDA:78,33,1,1
BRDA:80,34,0,0
BRDA:80,34,1,1
BRDA:79,35,0,1
BRDA:79,35,1,1
BRDA:80,36,0,1
BRDA:80,36,1,0
BRDA:79,37,0,1
BRDA:79,37,1,1
BRF:76
BRH:68
end_of_record
TN:
SF:src/messaging/Informator.ts
FN:9,(anonymous_0)
FN:10,(anonymous_1)
FN:14,(anonymous_2)
FN:18,(anonymous_3)
FN:23,(anonymous_4)
FN:27,(anonymous_5)
FN:31,(anonymous_6)
FNF:7
FNH:7
FNDA:30,(anonymous_0)
FNDA:26,(anonymous_1)
FNDA:3,(anonymous_2)
FNDA:2,(anonymous_3)
FNDA:22,(anonymous_4)
FNDA:2,(anonymous_5)
FNDA:3,(anonymous_6)
DA:4,6
DA:8,6
DA:9,30
DA:10,30
DA:11,26
DA:12,26
DA:14,30
DA:15,3
DA:16,3
DA:18,30
DA:19,2
DA:20,2
DA:23,30
DA:24,22
DA:25,22
DA:27,30
DA:28,2
DA:29,2
DA:31,30
DA:32,3
DA:33,3
LF:21
LH:21
BRF:0
BRH:0
end_of_record
TN:
SF:src/messaging/MessageProcessor.ts
FN:16,(anonymous_0)
FN:20,(anonymous_1)
FN:34,(anonymous_2)
FN:49,(anonymous_3)
FNF:4
FNH:4
FNDA:30,(anonymous_0)
FNDA:18,(anonymous_1)
FNDA:14,(anonymous_2)
FNDA:4,(anonymous_3)
DA:1,6
DA:3,6
DA:4,6
DA:5,6
DA:14,6
DA:16,30
DA:17,30
DA:20,30
DA:24,18
DA:25,4
DA:26,14
DA:27,14
DA:34,30
DA:38,14
DA:40,14
DA:49,30
DA:50,4
DA:51,4
DA:53,4
DA:54,4
DA:55,2
DA:59,4
DA:60,1
DA:62,1
DA:63,1
DA:64,1
DA:66,3
DA:67,2
DA:69,3
DA:70,3
DA:72,3
DA:73,2
DA:74,2
DA:76,1
LF:34
LH:34
BRDA:24,0,0,4
BRDA:24,0,1,14
BRDA:26,1,0,14
BRDA:26,1,1,0
BRDA:50,2,0,2
BRDA:50,2,1,2
BRDA:50,3,0,4
BRDA:50,3,1,4
BRDA:50,4,0,1
BRDA:50,4,1,3
BRDA:50,5,0,4
BRDA:50,5,1,4
BRDA:51,6,0,2
BRDA:51,6,1,2
BRDA:51,7,0,4
BRDA:51,7,1,4
BRDA:51,8,0,1
BRDA:51,8,1,3
BRDA:51,9,0,4
BRDA:51,9,1,4
BRDA:54,10,0,2
BRDA:54,10,1,2
BRDA:54,11,0,4
BRDA:54,11,1,2
BRDA:59,12,0,1
BRDA:59,12,1,3
BRDA:60,13,0,1
BRDA:60,13,1,0
BRDA:60,14,0,1
BRDA:60,14,1,1
BRDA:62,15,0,1
BRDA:62,15,1,0
BRDA:62,16,0,1
BRDA:62,16,1,1
BRDA:66,17,0,2
BRDA:66,17,1,1
BRDA:72,18,0,2
BRDA:72,18,1,1
BRDA:73,19,0,2
BRDA:73,19,1,0
BRDA:73,20,0,2
BRDA:73,20,1,2
BRF:42
BRH:38
end_of_record
TN:
SF:src/messaging/Multiplexer.ts
FN:29,(anonymous_0)
FN:40,(anonymous_1)
FN:42,(anonymous_2)
FN:45,(anonymous_3)
FN:54,(anonymous_4)
FN:55,(anonymous_5)
FN:75,(anonymous_6)
FN:77,(anonymous_7)
FN:90,(anonymous_8)
FN:92,(anonymous_9)
FN:105,(anonymous_10)
FN:106,(anonymous_11)
FN:107,(anonymous_12)
FN:113,(anonymous_13)
FN:114,(anonymous_14)
FN:117,(anonymous_15)
FN:123,(anonymous_16)
FN:124,(anonymous_17)
FN:131,(anonymous_18)
FN:143,(anonymous_19)
FN:144,(anonymous_20)
FN:154,(anonymous_21)
FN:155,(anonymous_22)
FNF:23
FNH:19
FNDA:30,(anonymous_0)
FNDA:12,(anonymous_1)
FNDA:4,(anonymous_2)
FNDA:5,(anonymous_3)
FNDA:3,(anonymous_4)
FNDA:3,(anonymous_5)
FNDA:26,(anonymous_6)
FNDA:2,(anonymous_7)
FNDA:22,(anonymous_8)
FNDA:2,(anonymous_9)
FNDA:3,(anonymous_10)
FNDA:0,(anonymous_11)
FNDA:0,(anonymous_12)
FNDA:2,(anonymous_13)
FNDA:1,(anonymous_14)
FNDA:0,(anonymous_15)
FNDA:3,(anonymous_16)
FNDA:0,(anonymous_17)
FNDA:58,(anonymous_18)
FNDA:1,(anonymous_19)
FNDA:1,(anonymous_20)
FNDA:1,(anonymous_21)
FNDA:1,(anonymous_22)
DA:6,6
DA:11,6
DA:16,30
DA:21,30
DA:29,30
DA:40,30
DA:41,12
DA:42,12
DA:43,4
DA:44,3
DA:45,3
DA:46,5
DA:51,12
DA:53,12
DA:54,3
DA:56,3
DA:57,3
DA:58,3
DA:62,12
DA:75,30
DA:76,26
DA:77,26
DA:78,2
DA:80,1
DA:81,1
DA:90,30
DA:91,22
DA:92,22
DA:94,2
DA:95,1
DA:96,1
DA:105,30
DA:106,3
DA:107,3
DA:113,30
DA:114,2
DA:115,1
DA:117,2
DA:123,30
DA:124,3
DA:131,30
DA:133,58
DA:135,58
DA:136,27
DA:137,27
DA:142,27
DA:143,1
DA:145,1
DA:146,1
DA:149,31
DA:153,31
DA:154,1
DA:156,1
DA:157,1
LF:54
LH:54
BRDA:43,0,0,3
BRDA:43,0,1,1
BRDA:57,1,0,3
BRDA:57,1,1,0
BRDA:78,2,0,1
BRDA:78,2,1,1
BRDA:94,3,0,1
BRDA:94,3,1,1
BRDA:131,4,0,31
BRDA:135,5,0,27
BRDA:135,5,1,31
BRDA:146,6,0,0
BRDA:146,6,1,1
BRDA:146,7,0,1
BRDA:146,7,1,1
BRDA:157,8,0,0
BRDA:157,8,1,1
BRDA:157,9,0,1
BRDA:157,9,1,1
BRF:19
BRH:16
end_of_record
TN:
SF:src/statebox-server/ListenersConnectionHandler.ts
FN:12,(anonymous_0)
FN:14,(anonymous_1)
FN:14,(anonymous_2)
FN:18,(anonymous_3)
FN:25,(anonymous_4)
FN:44,(anonymous_5)
FN:49,(anonymous_6)
FN:56,(anonymous_7)
FN:56,(anonymous_8)
FN:57,(anonymous_9)
FN:58,(anonymous_10)
FNF:11
FNH:1
FNDA:30,(anonymous_0)
FNDA:0,(anonymous_1)
FNDA:0,(anonymous_2)
FNDA:0,(anonymous_3)
FNDA:0,(anonymous_4)
FNDA:0,(anonymous_5)
FNDA:0,(anonymous_6)
FNDA:0,(anonymous_7)
FNDA:0,(anonymous_8)
FNDA:0,(anonymous_9)
FNDA:0,(anonymous_10)
DA:1,6
DA:2,6
DA:3,6
DA:10,6
DA:12,30
DA:14,30
DA:15,0
DA:16,0
DA:18,0
DA:21,0
DA:23,0
DA:25,0
DA:26,0
DA:28,0
DA:29,0
DA:30,0
DA:31,0
DA:34,0
DA:35,0
DA:36,0
DA:37,0
DA:40,0
DA:44,0
DA:46,0
DA:47,0
DA:49,0
DA:50,0
DA:51,0
DA:56,30
DA:57,0
DA:58,0
DA:59,0
LF:32
LH:7
BRDA:29,0,0,0
BRDA:29,0,1,0
BRDA:30,1,0,0
BRDA:30,1,1,0
BRF:4
BRH:0
end_of_record
TN:
SF:src/statebox-server/MonitorsConnectionHandler.ts
FN:6,(anonymous_0)
FN:8,(anonymous_1)
FN:8,(anonymous_2)
FN:10,(anonymous_3)
FN:11,(anonymous_4)
FN:26,(anonymous_5)
FN:26,(anonymous_6)
FN:27,(anonymous_7)
FN:28,(anonymous_8)
FNF:9
FNH:1
FNDA:30,(anonymous_0)
FNDA:0,(anonymous_1)
FNDA:0,(anonymous_2)
FNDA:0,(anonymous_3)
FNDA:0,(anonymous_4)
FNDA:0,(anonymous_5)
FNDA:0,(anonymous_6)
FNDA:0,(anonymous_7)
FNDA:0,(anonymous_8)
DA:1,6
DA:4,6
DA:6,30
DA:8,30
DA:9,0
DA:10,0
DA:11,0
DA:12,0
DA:14,0
DA:16,0
DA:17,0
DA:18,0
DA:19,0
DA:20,0
DA:26,30
DA:27,0
DA:28,0
DA:29,0
LF:18
LH:5
BRF:0
BRH:0
end_of_record
TN:
SF:src/statebox-server/StateboxServer.ts
FN:59,(anonymous_0)
FN:75,(anonymous_1)
FN:75,(anonymous_2)
FN:80,(anonymous_3)
FN:80,(anonymous_4)
FN:86,(anonymous_5)
FN:87,(anonymous_6)
FNF:7
FNH:3
FNDA:30,(anonymous_0)
FNDA:0,(anonymous_1)
FNDA:0,(anonymous_2)
FNDA:0,(anonymous_3)
FNDA:0,(anonymous_4)
FNDA:30,(anonymous_5)
FNDA:73,(anonymous_6)
DA:1,6
DA:3,6
DA:4,6
DA:5,6
DA:6,6
DA:8,6
DA:9,6
DA:10,6
DA:15,6
DA:60,30
DA:61,30
DA:62,30
DA:63,30
DA:64,30
DA:65,30
DA:67,30
DA:69,30
DA:70,30
DA:75,30
DA:76,0
DA:77,0
DA:80,30
DA:81,0
DA:82,0
DA:83,0
DA:86,30
DA:87,30
DA:88,73
DA:90,12
DA:91,12
DA:93,3
DA:94,3
DA:97,26
DA:99,26
DA:100,26
DA:103,3
DA:104,3
DA:107,2
DA:109,2
DA:110,2
DA:112,22
DA:113,22
DA:114,22
DA:116,2
DA:117,2
DA:120,3
DA:123,3
DA:125,3
LF:48
LH:43
BRDA:59,0,0,30
BRDA:59,1,0,30
BRDA:89,2,0,12
BRDA:89,2,1,3
BRDA:89,2,2,26
BRDA:89,2,3,3
BRDA:89,2,4,2
BRDA:89,2,5,22
BRDA:89,2,6,2
BRDA:89,2,7,3
BRF:10
BRH:10
end_of_record
TN:
SF:src/structure/AbstractTrackableObject.ts
FN:3,(anonymous_0)
FN:13,(anonymous_1)
FN:9,(anonymous_2)
FNF:3
FNH:3
FNDA:48,(anonymous_0)
FNDA:30,(anonymous_1)
FNDA:48,(anonymous_2)
DA:3,6
DA:10,48
DA:13,48
DA:14,30
LF:4
LH:4
BRF:0
BRH:0
end_of_record
TN:
SF:src/structure/Job.ts
FN:25,(anonymous_0)
FN:51,(anonymous_1)
FN:80,(anonymous_2)
FN:86,(anonymous_3)
FN:62,(anonymous_4)
FN:96,(anonymous_5)
FNF:6
FNH:3
FNDA:6,(anonymous_0)
FNDA:22,(anonymous_1)
FNDA:0,(anonymous_2)
FNDA:0,(anonymous_3)
FNDA:12,(anonymous_4)
FNDA:0,(anonymous_5)
DA:2,6
DA:3,6
DA:25,6
DA:26,6
DA:27,6
DA:28,6
DA:29,6
DA:30,6
DA:31,6
DA:32,6
DA:33,6
DA:36,6
DA:39,22
DA:41,22
DA:42,22
DA:43,22
DA:44,22
DA:45,22
DA:46,22
DA:47,22
DA:49,22
DA:52,22
DA:53,22
DA:54,22
DA:55,22
DA:56,22
DA:57,22
DA:58,10
DA:63,12
DA:64,12
DA:65,12
DA:66,12
DA:67,0
DA:69,12
DA:70,12
DA:71,12
DA:73,12
DA:75,12
DA:76,2
DA:80,22
DA:85,0
DA:86,0
DA:88,0
DA:89,0
DA:91,0
DA:92,0
DA:98,0
LF:47
LH:39
BRDA:25,0,0,6
BRDA:25,0,1,6
BRDA:51,1,0,0
BRDA:85,2,0,0
BRDA:85,2,1,0
BRDA:88,3,0,0
BRDA:88,3,1,0
BRDA:88,4,0,0
BRDA:88,4,1,0
BRDA:89,5,0,0
BRDA:89,5,1,0
BRDA:57,6,0,10
BRDA:57,6,1,12
BRDA:62,7,0,2
BRDA:63,8,0,2
BRDA:63,8,1,10
BRDA:63,9,0,12
BRDA:63,9,1,12
BRDA:64,10,0,0
BRDA:64,10,1,12
BRDA:64,11,0,12
BRDA:64,11,1,12
BRDA:65,12,0,0
BRDA:65,12,1,12
BRDA:65,13,0,12
BRDA:65,13,1,12
BRDA:66,14,0,0
BRDA:66,14,1,12
BRDA:66,15,0,12
BRDA:66,15,1,0
BRDA:69,16,0,0
BRDA:69,16,1,12
BRDA:69,17,0,12
BRDA:69,17,1,12
BRDA:70,18,0,1
BRDA:70,18,1,11
BRDA:70,19,0,12
BRDA:70,19,1,12
BRDA:71,20,0,0
BRDA:71,20,1,12
BRDA:71,21,0,12
BRDA:71,21,1,12
BRDA:73,22,0,0
BRDA:73,22,1,12
BRDA:73,23,0,12
BRDA:73,23,1,12
BRDA:75,24,0,2
BRDA:75,24,1,10
BRF:48
BRH:32
end_of_record
TN:
SF:src/structure/Listeners.ts
FN:28,(anonymous_0)
FN:30,(anonymous_1)
FN:37,(anonymous_2)
FN:41,(anonymous_3)
FN:45,(anonymous_4)
FNF:5
FNH:5
FNDA:30,(anonymous_0)
FNDA:12,(anonymous_1)
FNDA:54,(anonymous_2)
FNDA:5,(anonymous_3)
FNDA:3,(anonymous_4)
DA:1,6
DA:25,6
DA:26,30
DA:28,30
DA:30,30
DA:31,12
DA:32,12
DA:34,12
DA:37,30
DA:38,54
DA:41,30
DA:42,5
DA:45,30
DA:46,3
DA:47,3
DA:48,3
DA:50,3
LF:17
LH:17
BRDA:47,0,0,3
BRDA:47,0,1,0
BRF:2
BRH:1
end_of_record
TN:
SF:src/structure/Monitor.ts
FN:7,(anonymous_0)
FN:38,(anonymous_1)
FN:57,(anonymous_2)
FN:64,(anonymous_3)
FN:65,(anonymous_4)
FN:72,(anonymous_5)
FN:76,(anonymous_6)
FN:77,(anonymous_7)
FN:45,(anonymous_8)
FN:85,(anonymous_9)
FN:86,(anonymous_10)
FNF:11
FNH:11
FNDA:6,(anonymous_0)
FNDA:26,(anonymous_1)
FNDA:22,(anonymous_2)
FNDA:3,(anonymous_3)
FNDA:3,(anonymous_4)
FNDA:13,(anonymous_5)
FNDA:5,(anonymous_6)
FNDA:3,(anonymous_7)
FNDA:32,(anonymous_8)
FNDA:6,(anonymous_9)
FNDA:2,(anonymous_10)
DA:1,6
DA:3,6
DA:4,6
DA:5,6
DA:7,6
DA:8,6
DA:9,6
DA:10,6
DA:25,6
DA:26,6
DA:28,26
DA:30,26
DA:31,26
DA:32,26
DA:33,26
DA:34,26
DA:35,26
DA:36,26
DA:39,26
DA:40,26
DA:41,26
DA:42,26
DA:46,32
DA:47,32
DA:48,32
DA:49,32
DA:50,32
DA:52,32
DA:53,3
DA:57,26
DA:58,22
DA:59,22
DA:61,22
DA:62,22
DA:64,26
DA:65,3
DA:67,3
DA:69,3
DA:72,26
DA:73,13
DA:76,26
DA:77,5
DA:78,5
DA:79,3
DA:81,2
DA:86,6
DA:87,2
DA:90,6
DA:91,2
DA:94,4
LF:50
LH:50
BRDA:7,0,0,6
BRDA:7,0,1,6
BRDA:38,1,0,22
BRDA:78,2,0,3
BRDA:78,2,1,2
BRDA:45,3,0,3
BRDA:46,4,0,2
BRDA:46,4,1,30
BRDA:46,5,0,32
BRDA:46,5,1,32
BRDA:47,6,0,0
BRDA:47,6,1,32
BRDA:47,7,0,32
BRDA:47,7,1,32
BRDA:48,8,0,10
BRDA:48,8,1,22
BRDA:48,9,0,32
BRDA:48,9,1,32
BRDA:49,10,0,0
BRDA:49,10,1,32
BRDA:49,11,0,32
BRDA:49,11,1,32
BRDA:50,12,0,0
BRDA:50,12,1,32
BRDA:50,13,0,32
BRDA:50,13,1,32
BRDA:52,14,0,3
BRDA:52,14,1,29
BRDA:90,15,0,2
BRDA:90,15,1,4
BRF:30
BRH:27
end_of_record
TN:
SF:src/structure/Monitors.ts
FN:8,(anonymous_0)
FN:10,(anonymous_1)
FN:14,(anonymous_2)
FN:20,(anonymous_3)
FN:21,(anonymous_4)
FN:29,(anonymous_5)
FN:30,(anonymous_6)
FN:38,(anonymous_7)
FN:39,(anonymous_8)
FNF:9
FNH:9
FNDA:30,(anonymous_0)
FNDA:8,(anonymous_1)
FNDA:26,(anonymous_2)
FNDA:2,(anonymous_3)
FNDA:2,(anonymous_4)
FNDA:17,(anonymous_5)
FNDA:15,(anonymous_6)
FNDA:9,(anonymous_7)
FNDA:5,(anonymous_8)
DA:2,6
DA:3,6
DA:5,6
DA:6,30
DA:8,30
DA:10,30
DA:11,8
DA:14,30
DA:15,26
DA:16,26
DA:18,26
DA:20,30
DA:21,2
DA:22,2
DA:23,2
DA:25,2
DA:29,30
DA:30,17
DA:31,17
DA:32,14
DA:34,3
DA:39,9
DA:40,5
DA:43,9
DA:44,5
DA:47,4
LF:26
LH:26
BRDA:22,0,0,2
BRDA:22,0,1,0
BRDA:31,1,0,14
BRDA:31,1,1,3
BRDA:43,2,0,5
BRDA:43,2,1,4
BRF:6
BRH:5
end_of_record
TN:
SF:src/structure/StateboxEventsRouter.ts
FN:1,(anonymous_0)
FN:15,(anonymous_1)
FN:18,(anonymous_2)
FN:24,(anonymous_3)
FNF:4
FNH:4
FNDA:6,(anonymous_0)
FNDA:30,(anonymous_1)
FNDA:73,(anonymous_2)
FNDA:30,(anonymous_3)
DA:1,6
DA:2,6
DA:3,6
DA:4,6
DA:5,6
DA:6,6
DA:7,6
DA:9,6
DA:10,6
DA:15,6
DA:16,30
DA:18,30
DA:19,73
DA:20,73
DA:24,30
DA:25,30
LF:16
LH:16
BRDA:1,0,0,6
BRDA:1,0,1,6
BRF:2
BRH:2
end_of_record
